TN:
SF:index.js
FN:75,(anonymous_0)
FN:87,(anonymous_1)
FN:110,(anonymous_2)
FN:136,(anonymous_3)
FN:155,(anonymous_4)
FN:167,(anonymous_5)
FN:176,(anonymous_6)
FN:223,(anonymous_7)
FN:231,(anonymous_8)
FN:253,(anonymous_9)
FN:296,(anonymous_10)
FN:298,(anonymous_11)
FN:304,(anonymous_12)
FN:312,(anonymous_13)
FN:337,(anonymous_14)
FN:342,(anonymous_15)
FNF:16
FNH:3
FNDA:0,(anonymous_0)
FNDA:30,(anonymous_1)
FNDA:30,(anonymous_2)
FNDA:0,(anonymous_3)
FNDA:30,(anonymous_4)
FNDA:0,(anonymous_5)
FNDA:0,(anonymous_6)
FNDA:0,(anonymous_7)
FNDA:0,(anonymous_8)
FNDA:0,(anonymous_9)
FNDA:0,(anonymous_10)
FNDA:0,(anonymous_11)
FNDA:0,(anonymous_12)
FNDA:0,(anonymous_13)
FNDA:0,(anonymous_14)
FNDA:0,(anonymous_15)
DA:45,3
DA:47,3
DA:48,3
DA:52,3
DA:57,3
DA:73,3
DA:76,0
DA:81,3
DA:87,3
DA:88,30
DA:89,30
DA:90,30
DA:91,30
DA:92,30
DA:93,30
DA:94,30
DA:98,3
DA:99,3
DA:100,3
DA:103,3
DA:109,3
DA:112,30
DA:114,0
DA:115,0
DA:117,0
DA:125,3
DA:135,3
DA:136,3
DA:137,0
DA:140,0
DA:143,0
DA:145,0
DA:148,0
DA:155,3
DA:156,30
DA:157,0
DA:158,0
DA:160,30
DA:164,3
DA:167,3
DA:168,0
DA:176,3
DA:177,0
DA:178,0
DA:179,0
DA:184,0
DA:192,3
DA:193,3
DA:194,3
DA:195,3
DA:196,3
DA:197,3
DA:198,3
DA:199,3
DA:200,3
DA:201,3
DA:202,3
DA:203,3
DA:204,3
DA:205,3
DA:206,3
DA:207,3
DA:208,3
DA:209,3
DA:210,3
DA:211,3
DA:212,3
DA:213,3
DA:214,3
DA:215,3
DA:216,3
DA:217,3
DA:218,3
DA:219,3
DA:220,3
DA:223,3
DA:224,0
DA:231,3
DA:232,0
DA:235,0
DA:236,0
DA:243,0
DA:244,0
DA:245,0
DA:252,0
DA:253,0
DA:254,0
DA:262,0
DA:263,0
DA:270,0
DA:271,0
DA:277,0
DA:278,0
DA:285,0
DA:293,3
DA:296,3
DA:297,0
DA:298,0
DA:299,0
DA:300,0
DA:304,0
DA:305,0
DA:306,0
DA:311,3
DA:312,0
DA:313,0
DA:314,0
DA:315,0
DA:316,0
DA:328,0
DA:329,0
DA:337,3
DA:338,0
DA:342,3
DA:343,0
DA:344,0
DA:348,3
DA:349,3
LF:118
LH:68
BRDA:112,0,0,30
BRDA:112,0,1,0
BRDA:114,1,0,0
BRDA:114,1,1,0
BRDA:156,2,0,0
BRDA:156,2,1,30
BRDA:179,3,0,0
BRDA:179,3,1,0
BRDA:180,4,0,0
BRDA:180,4,1,0
BRDA:235,5,0,0
BRDA:235,5,1,0
BRDA:243,6,0,0
BRDA:243,6,1,0
BRDA:252,7,0,0
BRDA:252,7,1,0
BRDA:262,8,0,0
BRDA:262,8,1,0
BRDA:270,9,0,0
BRDA:270,9,1,0
BRDA:277,10,0,0
BRDA:277,10,1,0
BRDA:285,11,0,0
BRDA:285,11,1,0
BRDA:287,12,0,0
BRDA:287,12,1,0
BRDA:288,13,0,0
BRDA:288,13,1,0
BRDA:293,14,0,3
BRDA:293,14,1,0
BRDA:311,15,0,0
BRDA:311,15,1,3
BRDA:320,16,0,0
BRDA:320,16,1,0
BRDA:325,17,0,0
BRDA:325,17,1,0
BRF:36
BRH:4
end_of_record
TN:
SF:controllers\application.controller.js
FN:7,(anonymous_0)
FN:100,(anonymous_1)
FN:126,(anonymous_2)
FN:154,(anonymous_3)
FN:211,(anonymous_4)
FN:259,(anonymous_5)
FN:290,(anonymous_6)
FN:332,(anonymous_7)
FN:450,(anonymous_8)
FN:467,(anonymous_9)
FN:505,(anonymous_10)
FN:547,(anonymous_11)
FNF:12
FNH:2
FNDA:4,(anonymous_0)
FNDA:1,(anonymous_1)
FNDA:0,(anonymous_2)
FNDA:0,(anonymous_3)
FNDA:0,(anonymous_4)
FNDA:0,(anonymous_5)
FNDA:0,(anonymous_6)
FNDA:0,(anonymous_7)
FNDA:0,(anonymous_8)
FNDA:0,(anonymous_9)
FNDA:0,(anonymous_10)
FNDA:0,(anonymous_11)
DA:7,3
DA:8,4
DA:9,4
DA:10,4
DA:11,4
DA:13,4
DA:14,0
DA:21,4
DA:22,4
DA:23,1
DA:30,3
DA:31,3
DA:32,0
DA:35,0
DA:48,3
DA:56,3
DA:57,3
DA:58,0
DA:63,3
DA:64,3
DA:67,3
DA:68,3
DA:69,3
DA:72,3
DA:73,3
DA:74,0
DA:75,0
DA:83,0
DA:86,3
DA:93,0
DA:94,0
DA:100,3
DA:101,1
DA:102,1
DA:103,1
DA:113,1
DA:118,0
DA:119,0
DA:126,3
DA:127,0
DA:128,0
DA:129,0
DA:136,0
DA:137,0
DA:142,0
DA:147,0
DA:148,0
DA:154,3
DA:155,0
DA:156,0
DA:157,0
DA:159,0
DA:160,0
DA:166,0
DA:173,0
DA:174,0
DA:180,0
DA:183,0
DA:184,0
DA:192,0
DA:195,0
DA:197,0
DA:203,0
DA:204,0
DA:211,3
DA:212,0
DA:213,0
DA:214,0
DA:216,0
DA:218,0
DA:219,0
DA:226,0
DA:227,0
DA:234,0
DA:235,0
DA:242,0
DA:243,0
DA:245,0
DA:250,0
DA:251,0
DA:259,3
DA:260,0
DA:261,0
DA:264,0
DA:276,0
DA:281,0
DA:282,0
DA:290,3
DA:291,0
DA:292,0
DA:293,0
DA:295,0
DA:297,0
DA:298,0
DA:305,0
DA:306,0
DA:313,0
DA:314,0
DA:315,0
DA:318,0
DA:323,0
DA:324,0
DA:332,3
DA:333,0
DA:334,0
DA:335,0
DA:336,0
DA:339,0
DA:340,0
DA:341,0
DA:343,0
DA:346,0
DA:347,0
DA:353,0
DA:357,0
DA:358,0
DA:365,0
DA:366,0
DA:367,0
DA:374,0
DA:375,0
DA:382,0
DA:383,0
DA:391,0
DA:398,0
DA:401,0
DA:402,0
DA:413,0
DA:414,0
DA:415,0
DA:416,0
DA:417,0
DA:426,0
DA:429,0
DA:441,0
DA:442,0
DA:450,3
DA:451,0
DA:452,0
DA:454,0
DA:455,0
DA:457,0
DA:458,0
DA:465,0
DA:466,0
DA:467,0
DA:470,0
DA:483,0
DA:488,0
DA:494,0
DA:495,0
DA:505,3
DA:506,0
DA:507,0
DA:508,0
DA:510,0
DA:511,0
DA:513,0
DA:514,0
DA:521,0
DA:522,0
DA:524,0
DA:538,0
DA:539,0
DA:547,3
DA:548,0
DA:549,0
DA:550,0
DA:552,0
DA:553,0
DA:555,0
DA:556,0
DA:562,0
DA:565,0
DA:566,0
DA:569,0
DA:572,0
DA:579,0
DA:580,0
DA:582,0
DA:583,0
DA:584,0
DA:590,0
DA:591,0
DA:594,0
DA:601,0
DA:602,0
LF:187
LH:36
BRDA:13,0,0,0
BRDA:13,0,1,4
BRDA:22,1,0,1
BRDA:22,1,1,3
BRDA:31,2,0,0
BRDA:31,2,1,3
BRDA:51,3,0,3
BRDA:51,3,1,3
BRDA:57,4,0,0
BRDA:57,4,1,3
BRDA:73,5,0,0
BRDA:73,5,1,3
BRDA:73,6,0,3
BRDA:73,6,1,0
BRDA:76,7,0,0
BRDA:76,7,1,0
BRDA:114,8,0,1
BRDA:114,8,1,0
BRDA:136,9,0,0
BRDA:136,9,1,0
BRDA:159,10,0,0
BRDA:159,10,1,0
BRDA:173,11,0,0
BRDA:173,11,1,0
BRDA:183,12,0,0
BRDA:183,12,1,0
BRDA:183,13,0,0
BRDA:183,13,1,0
BRDA:186,14,0,0
BRDA:186,14,1,0
BRDA:198,15,0,0
BRDA:198,15,1,0
BRDA:198,16,0,0
BRDA:198,16,1,0
BRDA:218,17,0,0
BRDA:218,17,1,0
BRDA:226,18,0,0
BRDA:226,18,1,0
BRDA:234,19,0,0
BRDA:234,19,1,0
BRDA:234,20,0,0
BRDA:234,20,1,0
BRDA:297,21,0,0
BRDA:297,21,1,0
BRDA:305,22,0,0
BRDA:305,22,1,0
BRDA:313,23,0,0
BRDA:313,23,1,0
BRDA:346,24,0,0
BRDA:346,24,1,0
BRDA:346,25,0,0
BRDA:346,25,1,0
BRDA:357,26,0,0
BRDA:357,26,1,0
BRDA:365,27,0,0
BRDA:365,27,1,0
BRDA:366,28,0,0
BRDA:366,28,1,0
BRDA:374,29,0,0
BRDA:374,29,1,0
BRDA:385,30,0,0
BRDA:385,30,1,0
BRDA:395,31,0,0
BRDA:395,31,1,0
BRDA:401,32,0,0
BRDA:401,32,1,0
BRDA:415,33,0,0
BRDA:415,33,1,0
BRDA:415,34,0,0
BRDA:415,34,1,0
BRDA:422,35,0,0
BRDA:422,35,1,0
BRDA:457,36,0,0
BRDA:457,36,1,0
BRDA:457,37,0,0
BRDA:457,37,1,0
BRDA:513,38,0,0
BRDA:513,38,1,0
BRDA:513,39,0,0
BRDA:513,39,1,0
BRDA:555,40,0,0
BRDA:555,40,1,0
BRDA:555,41,0,0
BRDA:555,41,1,0
BRDA:565,42,0,0
BRDA:565,42,1,0
BRDA:565,43,0,0
BRDA:565,43,1,0
BRDA:579,44,0,0
BRDA:579,44,1,0
BRF:90
BRH:10
end_of_record
TN:
SF:controllers\company.controller.js
FN:12,(anonymous_0)
FN:17,(anonymous_1)
FN:27,(anonymous_2)
FN:310,(anonymous_3)
FN:376,(anonymous_4)
FN:404,(anonymous_5)
FN:455,(anonymous_6)
FN:489,(anonymous_7)
FN:536,(anonymous_8)
FN:557,(anonymous_9)
FN:659,(anonymous_10)
FN:673,(anonymous_11)
FN:691,(anonymous_12)
FN:706,(anonymous_13)
FN:752,(anonymous_14)
FN:766,(anonymous_15)
FN:813,(anonymous_16)
FN:844,(anonymous_17)
FN:909,(anonymous_18)
FN:924,(anonymous_19)
FN:938,(anonymous_20)
FN:977,(anonymous_21)
FN:1016,(anonymous_22)
FN:1033,(anonymous_23)
FN:1138,(anonymous_24)
FN:1205,(anonymous_25)
FN:1233,(anonymous_26)
FN:1234,(anonymous_27)
FN:1290,(anonymous_28)
FN:1307,(anonymous_29)
FN:1321,(anonymous_30)
FN:1335,(anonymous_31)
FNF:32
FNH:0
FNDA:0,(anonymous_0)
FNDA:0,(anonymous_1)
FNDA:0,(anonymous_2)
FNDA:0,(anonymous_3)
FNDA:0,(anonymous_4)
FNDA:0,(anonymous_5)
FNDA:0,(anonymous_6)
FNDA:0,(anonymous_7)
FNDA:0,(anonymous_8)
FNDA:0,(anonymous_9)
FNDA:0,(anonymous_10)
FNDA:0,(anonymous_11)
FNDA:0,(anonymous_12)
FNDA:0,(anonymous_13)
FNDA:0,(anonymous_14)
FNDA:0,(anonymous_15)
FNDA:0,(anonymous_16)
FNDA:0,(anonymous_17)
FNDA:0,(anonymous_18)
FNDA:0,(anonymous_19)
FNDA:0,(anonymous_20)
FNDA:0,(anonymous_21)
FNDA:0,(anonymous_22)
FNDA:0,(anonymous_23)
FNDA:0,(anonymous_24)
FNDA:0,(anonymous_25)
FNDA:0,(anonymous_26)
FNDA:0,(anonymous_27)
FNDA:0,(anonymous_28)
FNDA:0,(anonymous_29)
FNDA:0,(anonymous_30)
FNDA:0,(anonymous_31)
DA:12,3
DA:13,0
DA:17,3
DA:18,0
DA:19,0
DA:20,0
DA:21,0
DA:23,0
DA:27,3
DA:28,0
DA:50,0
DA:53,0
DA:65,0
DA:66,0
DA:67,0
DA:74,0
DA:75,0
DA:76,0
DA:83,0
DA:85,0
DA:87,0
DA:90,0
DA:91,0
DA:98,0
DA:99,0
DA:106,0
DA:107,0
DA:114,0
DA:115,0
DA:123,0
DA:128,0
DA:129,0
DA:130,0
DA:131,0
DA:133,0
DA:137,0
DA:170,0
DA:171,0
DA:174,0
DA:175,0
DA:178,0
DA:179,0
DA:180,0
DA:183,0
DA:184,0
DA:185,0
DA:186,0
DA:190,0
DA:191,0
DA:193,0
DA:194,0
DA:197,0
DA:214,0
DA:222,0
DA:232,0
DA:233,0
DA:240,0
DA:242,0
DA:245,0
DA:253,0
DA:254,0
DA:258,0
DA:259,0
DA:260,0
DA:273,0
DA:275,0
DA:280,0
DA:282,0
DA:301,0
DA:302,0
DA:310,3
DA:311,0
DA:312,0
DA:313,0
DA:315,0
DA:316,0
DA:322,0
DA:325,0
DA:327,0
DA:328,0
DA:330,0
DA:331,0
DA:334,0
DA:339,0
DA:341,0
DA:344,0
DA:346,0
DA:349,0
DA:351,0
DA:355,0
DA:356,0
DA:360,0
DA:362,0
DA:367,0
DA:368,0
DA:376,3
DA:377,0
DA:378,0
DA:379,0
DA:383,0
DA:384,0
DA:390,0
DA:395,0
DA:396,0
DA:404,3
DA:405,0
DA:406,0
DA:407,0
DA:410,0
DA:411,0
DA:412,0
DA:415,0
DA:418,0
DA:429,0
DA:431,0
DA:432,0
DA:438,0
DA:444,0
DA:445,0
DA:455,3
DA:456,0
DA:457,0
DA:458,0
DA:460,0
DA:461,0
DA:468,0
DA:469,0
DA:471,0
DA:472,0
DA:479,0
DA:480,0
DA:488,0
DA:489,0
DA:492,0
DA:493,0
DA:500,0
DA:501,0
DA:504,0
DA:514,0
DA:517,0
DA:519,0
DA:521,0
DA:527,0
DA:528,0
DA:536,3
DA:537,0
DA:538,0
DA:540,0
DA:541,0
DA:547,0
DA:548,0
DA:549,0
DA:556,0
DA:557,0
DA:560,0
DA:561,0
DA:567,0
DA:570,0
DA:571,0
DA:578,0
DA:580,0
DA:582,0
DA:583,0
DA:584,0
DA:590,0
DA:591,0
DA:614,0
DA:615,0
DA:616,0
DA:617,0
DA:619,0
DA:622,0
DA:631,0
DA:633,0
DA:650,0
DA:651,0
DA:659,3
DA:660,0
DA:661,0
DA:663,0
DA:666,0
DA:667,0
DA:673,0
DA:675,0
DA:682,0
DA:683,0
DA:691,3
DA:692,0
DA:693,0
DA:694,0
DA:695,0
DA:697,0
DA:698,0
DA:699,0
DA:705,0
DA:706,0
DA:709,0
DA:710,0
DA:716,0
DA:717,0
DA:720,0
DA:721,0
DA:724,0
DA:727,0
DA:728,0
DA:729,0
DA:738,0
DA:743,0
DA:744,0
DA:752,3
DA:753,0
DA:754,0
DA:755,0
DA:757,0
DA:758,0
DA:759,0
DA:765,0
DA:766,0
DA:769,0
DA:770,0
DA:776,0
DA:777,0
DA:779,0
DA:782,0
DA:783,0
DA:790,0
DA:799,0
DA:804,0
DA:805,0
DA:813,3
DA:814,0
DA:815,0
DA:816,0
DA:819,0
DA:820,0
DA:821,0
DA:822,0
DA:825,0
DA:826,0
DA:833,0
DA:834,0
DA:835,0
DA:837,0
DA:838,0
DA:839,0
DA:840,0
DA:843,0
DA:844,0
DA:847,0
DA:852,0
DA:857,0
DA:862,0
DA:867,0
DA:873,0
DA:880,0
DA:885,0
DA:887,0
DA:909,0
DA:915,0
DA:916,0
DA:924,3
DA:925,0
DA:926,0
DA:927,0
DA:929,0
DA:930,0
DA:931,0
DA:937,0
DA:938,0
DA:941,0
DA:942,0
DA:949,0
DA:950,0
DA:951,0
DA:952,0
DA:954,0
DA:956,0
DA:958,0
DA:960,0
DA:966,0
DA:967,0
DA:977,3
DA:978,0
DA:979,0
DA:980,0
DA:983,0
DA:984,0
DA:990,0
DA:991,0
DA:992,0
DA:999,0
DA:1000,0
DA:1003,0
DA:1016,0
DA:1018,0
DA:1024,0
DA:1025,0
DA:1033,3
DA:1034,0
DA:1035,0
DA:1036,0
DA:1037,0
DA:1038,0
DA:1041,0
DA:1042,0
DA:1048,0
DA:1050,0
DA:1054,0
DA:1055,0
DA:1062,0
DA:1063,0
DA:1064,0
DA:1071,0
DA:1072,0
DA:1073,0
DA:1081,0
DA:1082,0
DA:1085,0
DA:1094,0
DA:1095,0
DA:1096,0
DA:1104,0
DA:1114,0
DA:1116,0
DA:1129,0
DA:1130,0
DA:1138,3
DA:1139,0
DA:1140,0
DA:1141,0
DA:1142,0
DA:1146,0
DA:1147,0
DA:1148,0
DA:1149,0
DA:1152,0
DA:1153,0
DA:1160,0
DA:1161,0
DA:1169,0
DA:1170,0
DA:1171,0
DA:1174,0
DA:1177,0
DA:1188,0
DA:1190,0
DA:1196,0
DA:1197,0
DA:1205,3
DA:1206,0
DA:1207,0
DA:1208,0
DA:1210,0
DA:1211,0
DA:1217,0
DA:1220,0
DA:1221,0
DA:1227,0
DA:1228,0
DA:1231,0
DA:1233,0
DA:1235,0
DA:1238,0
DA:1244,0
DA:1250,0
DA:1255,0
DA:1274,0
DA:1279,0
DA:1280,0
DA:1290,3
DA:1291,0
DA:1292,0
DA:1295,0
DA:1305,0
DA:1306,0
DA:1307,0
DA:1315,0
DA:1319,0
DA:1320,0
DA:1321,0
DA:1329,0
DA:1333,0
DA:1334,0
DA:1335,0
DA:1342,0
DA:1345,0
DA:1351,0
DA:1352,0
LF:388
LH:18
BRDA:12,0,0,0
BRDA:60,1,0,0
BRDA:60,1,1,0
BRDA:65,2,0,0
BRDA:65,2,1,0
BRDA:65,3,0,0
BRDA:65,3,1,0
BRDA:75,4,0,0
BRDA:75,4,1,0
BRDA:85,5,0,0
BRDA:85,5,1,0
BRDA:90,6,0,0
BRDA:90,6,1,0
BRDA:98,7,0,0
BRDA:98,7,1,0
BRDA:106,8,0,0
BRDA:106,8,1,0
BRDA:116,9,0,0
BRDA:116,9,1,0
BRDA:128,10,0,0
BRDA:128,10,1,0
BRDA:130,11,0,0
BRDA:130,11,1,0
BRDA:139,12,0,0
BRDA:139,12,1,0
BRDA:149,13,0,0
BRDA:149,13,1,0
BRDA:150,14,0,0
BRDA:150,14,1,0
BRDA:151,15,0,0
BRDA:151,15,1,0
BRDA:157,16,0,0
BRDA:157,16,1,0
BRDA:159,17,0,0
BRDA:159,17,1,0
BRDA:159,17,2,0
BRDA:161,18,0,0
BRDA:161,18,1,0
BRDA:162,19,0,0
BRDA:162,19,1,0
BRDA:175,20,0,0
BRDA:175,20,1,0
BRDA:178,21,0,0
BRDA:178,21,1,0
BRDA:178,22,0,0
BRDA:178,22,1,0
BRDA:178,22,2,0
BRDA:180,23,0,0
BRDA:180,23,1,0
BRDA:180,24,0,0
BRDA:180,24,1,0
BRDA:184,25,0,0
BRDA:184,25,1,0
BRDA:200,26,0,0
BRDA:200,26,1,0
BRDA:226,27,0,0
BRDA:226,27,1,0
BRDA:258,28,0,0
BRDA:258,28,1,0
BRDA:262,29,0,0
BRDA:262,29,1,0
BRDA:265,30,0,0
BRDA:265,30,1,0
BRDA:266,31,0,0
BRDA:266,31,1,0
BRDA:266,31,2,0
BRDA:269,32,0,0
BRDA:269,32,1,0
BRDA:315,33,0,0
BRDA:315,33,1,0
BRDA:325,34,0,0
BRDA:325,34,1,0
BRDA:328,35,0,0
BRDA:328,35,1,0
BRDA:330,36,0,0
BRDA:330,36,1,0
BRDA:339,37,0,0
BRDA:339,37,1,0
BRDA:344,38,0,0
BRDA:344,38,1,0
BRDA:349,39,0,0
BRDA:349,39,1,0
BRDA:355,40,0,0
BRDA:355,40,1,0
BRDA:355,41,0,0
BRDA:355,41,1,0
BRDA:383,42,0,0
BRDA:383,42,1,0
BRDA:410,43,0,0
BRDA:410,43,1,0
BRDA:419,44,0,0
BRDA:419,44,1,0
BRDA:420,45,0,0
BRDA:420,45,1,0
BRDA:421,46,0,0
BRDA:421,46,1,0
BRDA:422,47,0,0
BRDA:422,47,1,0
BRDA:423,48,0,0
BRDA:423,48,1,0
BRDA:424,49,0,0
BRDA:424,49,1,0
BRDA:425,50,0,0
BRDA:425,50,1,0
BRDA:426,51,0,0
BRDA:426,51,1,0
BRDA:431,52,0,0
BRDA:431,52,1,0
BRDA:460,53,0,0
BRDA:460,53,1,0
BRDA:471,54,0,0
BRDA:471,54,1,0
BRDA:479,55,0,0
BRDA:479,55,1,0
BRDA:489,56,0,0
BRDA:489,56,1,0
BRDA:492,57,0,0
BRDA:492,57,1,0
BRDA:506,58,0,0
BRDA:506,58,1,0
BRDA:511,59,0,0
BRDA:511,59,1,0
BRDA:517,60,0,0
BRDA:517,60,1,0
BRDA:524,61,0,0
BRDA:524,61,1,0
BRDA:540,62,0,0
BRDA:540,62,1,0
BRDA:540,63,0,0
BRDA:540,63,1,0
BRDA:540,63,2,0
BRDA:548,64,0,0
BRDA:548,64,1,0
BRDA:557,65,0,0
BRDA:557,65,1,0
BRDA:560,66,0,0
BRDA:560,66,1,0
BRDA:570,67,0,0
BRDA:570,67,1,0
BRDA:580,68,0,0
BRDA:580,68,1,0
BRDA:592,69,0,0
BRDA:592,69,1,0
BRDA:592,69,2,0
BRDA:666,70,0,0
BRDA:666,70,1,0
BRDA:698,71,0,0
BRDA:698,71,1,0
BRDA:706,72,0,0
BRDA:706,72,1,0
BRDA:709,73,0,0
BRDA:709,73,1,0
BRDA:716,74,0,0
BRDA:716,74,1,0
BRDA:720,75,0,0
BRDA:720,75,1,0
BRDA:728,76,0,0
BRDA:728,76,1,0
BRDA:728,77,0,0
BRDA:728,77,1,0
BRDA:758,78,0,0
BRDA:758,78,1,0
BRDA:766,79,0,0
BRDA:766,79,1,0
BRDA:769,80,0,0
BRDA:769,80,1,0
BRDA:782,81,0,0
BRDA:782,81,1,0
BRDA:819,82,0,0
BRDA:819,82,1,0
BRDA:821,83,0,0
BRDA:821,83,1,0
BRDA:825,84,0,0
BRDA:825,84,1,0
BRDA:857,85,0,0
BRDA:857,85,1,0
BRDA:859,86,0,0
BRDA:859,86,1,0
BRDA:885,87,0,0
BRDA:885,87,1,0
BRDA:901,88,0,0
BRDA:901,88,1,0
BRDA:930,89,0,0
BRDA:930,89,1,0
BRDA:938,90,0,0
BRDA:938,90,1,0
BRDA:941,91,0,0
BRDA:941,91,1,0
BRDA:956,92,0,0
BRDA:956,92,1,0
BRDA:963,93,0,0
BRDA:963,93,1,0
BRDA:983,94,0,0
BRDA:983,94,1,0
BRDA:991,95,0,0
BRDA:991,95,1,0
BRDA:1041,96,0,0
BRDA:1041,96,1,0
BRDA:1054,97,0,0
BRDA:1054,97,1,0
BRDA:1063,98,0,0
BRDA:1063,98,1,0
BRDA:1063,99,0,0
BRDA:1063,99,1,0
BRDA:1071,100,0,0
BRDA:1071,100,1,0
BRDA:1075,101,0,0
BRDA:1075,101,1,0
BRDA:1081,102,0,0
BRDA:1081,102,1,0
BRDA:1094,103,0,0
BRDA:1094,103,1,0
BRDA:1098,104,0,0
BRDA:1098,104,1,0
BRDA:1118,105,0,0
BRDA:1118,105,1,0
BRDA:1146,106,0,0
BRDA:1146,106,1,0
BRDA:1148,107,0,0
BRDA:1148,107,1,0
BRDA:1152,108,0,0
BRDA:1152,108,1,0
BRDA:1160,109,0,0
BRDA:1160,109,1,0
BRDA:1160,110,0,0
BRDA:1160,110,1,0
BRDA:1169,111,0,0
BRDA:1169,111,1,0
BRDA:1178,112,0,0
BRDA:1178,112,1,0
BRDA:1178,112,2,0
BRDA:1179,113,0,0
BRDA:1179,113,1,0
BRDA:1180,114,0,0
BRDA:1180,114,1,0
BRDA:1181,115,0,0
BRDA:1181,115,1,0
BRDA:1182,116,0,0
BRDA:1182,116,1,0
BRDA:1183,117,0,0
BRDA:1183,117,1,0
BRDA:1184,118,0,0
BRDA:1184,118,1,0
BRDA:1185,119,0,0
BRDA:1185,119,1,0
BRDA:1210,120,0,0
BRDA:1210,120,1,0
BRDA:1220,121,0,0
BRDA:1220,121,1,0
BRDA:1233,122,0,0
BRDA:1233,122,1,0
BRDA:1292,123,0,0
BRDA:1305,124,0,0
BRDA:1305,124,1,0
BRDA:1319,125,0,0
BRDA:1319,125,1,0
BRDA:1333,126,0,0
BRDA:1333,126,1,0
BRF:258
BRH:0
end_of_record
TN:
SF:controllers\insights.controller.js
FN:14,(anonymous_0)
FN:46,(anonymous_1)
FN:54,(anonymous_2)
FN:55,(anonymous_3)
FN:56,(anonymous_4)
FN:57,(anonymous_5)
FN:58,(anonymous_6)
FN:79,(anonymous_7)
FN:112,generateAIInsights
FN:157,generateFallbackInsights
FN:232,(anonymous_10)
FNF:11
FNH:0
FNDA:0,(anonymous_0)
FNDA:0,(anonymous_1)
FNDA:0,(anonymous_2)
FNDA:0,(anonymous_3)
FNDA:0,(anonymous_4)
FNDA:0,(anonymous_5)
FNDA:0,(anonymous_6)
FNDA:0,(anonymous_7)
FNDA:0,generateAIInsights
FNDA:0,generateFallbackInsights
FNDA:0,(anonymous_10)
DA:14,3
DA:15,0
DA:16,0
DA:17,0
DA:19,0
DA:20,0
DA:28,0
DA:29,0
DA:31,0
DA:34,0
DA:35,0
DA:42,0
DA:43,0
DA:45,0
DA:46,0
DA:48,0
DA:53,0
DA:54,0
DA:55,0
DA:56,0
DA:57,0
DA:58,0
DA:61,0
DA:66,0
DA:69,0
DA:79,0
DA:83,0
DA:84,0
DA:86,0
DA:88,0
DA:91,0
DA:101,0
DA:102,0
DA:113,0
DA:138,0
DA:147,0
DA:148,0
DA:149,0
DA:151,0
DA:158,0
DA:159,0
DA:160,0
DA:161,0
DA:162,0
DA:165,0
DA:166,0
DA:167,0
DA:168,0
DA:169,0
DA:170,0
DA:171,0
DA:172,0
DA:173,0
DA:177,0
DA:178,0
DA:179,0
DA:180,0
DA:181,0
DA:185,0
DA:186,0
DA:189,0
DA:190,0
DA:191,0
DA:195,0
DA:196,0
DA:197,0
DA:198,0
DA:200,0
DA:204,0
DA:205,0
DA:208,0
DA:232,3
DA:234,0
LF:73
LH:2
BRDA:19,0,0,0
BRDA:19,0,1,0
BRDA:19,1,0,0
BRDA:19,1,1,0
BRDA:19,1,2,0
BRDA:28,2,0,0
BRDA:28,2,1,0
BRDA:34,3,0,0
BRDA:34,3,1,0
BRDA:61,4,0,0
BRDA:61,4,1,0
BRDA:79,5,0,0
BRDA:79,5,1,0
BRDA:165,6,0,0
BRDA:165,6,1,0
BRDA:168,7,0,0
BRDA:168,7,1,0
BRDA:170,8,0,0
BRDA:170,8,1,0
BRDA:177,9,0,0
BRDA:177,9,1,0
BRDA:180,10,0,0
BRDA:180,10,1,0
BRDA:185,11,0,0
BRDA:185,11,1,0
BRDA:189,12,0,0
BRDA:189,12,1,0
BRDA:189,13,0,0
BRDA:189,13,1,0
BRDA:195,14,0,0
BRDA:195,14,1,0
BRDA:197,15,0,0
BRDA:197,15,1,0
BRDA:198,16,0,0
BRDA:198,16,1,0
BRDA:204,17,0,0
BRDA:204,17,1,0
BRDA:211,18,0,0
BRDA:211,18,1,0
BRDA:214,19,0,0
BRDA:214,19,1,0
BRDA:220,20,0,0
BRDA:220,20,1,0
BRDA:221,21,0,0
BRDA:221,21,1,0
BRF:45
BRH:0
end_of_record
TN:
SF:controllers\interview.controller.js
FN:14,(anonymous_0)
FN:167,(anonymous_1)
FN:199,(anonymous_2)
FN:220,(anonymous_3)
FN:245,(anonymous_4)
FN:256,(anonymous_5)
FN:259,(anonymous_6)
FN:262,(anonymous_7)
FN:281,(anonymous_8)
FN:306,(anonymous_9)
FN:347,(anonymous_10)
FN:359,(anonymous_11)
FN:373,(anonymous_12)
FN:387,(anonymous_13)
FN:396,(anonymous_14)
FN:428,(anonymous_15)
FN:477,(anonymous_16)
FN:503,(anonymous_17)
FN:554,(anonymous_18)
FN:590,(anonymous_19)
FN:662,(anonymous_20)
FN:728,(anonymous_21)
FN:785,(anonymous_22)
FN:838,(anonymous_23)
FN:887,(anonymous_24)
FN:944,(anonymous_25)
FN:996,(anonymous_26)
FN:1082,(anonymous_27)
FN:1161,(anonymous_28)
FN:1273,(anonymous_29)
FN:1279,(anonymous_30)
FN:1291,(anonymous_31)
FN:1332,(anonymous_32)
FN:1391,(anonymous_33)
FN:1439,(anonymous_34)
FN:1534,(anonymous_35)
FN:1607,(anonymous_36)
FN:1654,(anonymous_37)
FNF:38
FNH:0
FNDA:0,(anonymous_0)
FNDA:0,(anonymous_1)
FNDA:0,(anonymous_2)
FNDA:0,(anonymous_3)
FNDA:0,(anonymous_4)
FNDA:0,(anonymous_5)
FNDA:0,(anonymous_6)
FNDA:0,(anonymous_7)
FNDA:0,(anonymous_8)
FNDA:0,(anonymous_9)
FNDA:0,(anonymous_10)
FNDA:0,(anonymous_11)
FNDA:0,(anonymous_12)
FNDA:0,(anonymous_13)
FNDA:0,(anonymous_14)
FNDA:0,(anonymous_15)
FNDA:0,(anonymous_16)
FNDA:0,(anonymous_17)
FNDA:0,(anonymous_18)
FNDA:0,(anonymous_19)
FNDA:0,(anonymous_20)
FNDA:0,(anonymous_21)
FNDA:0,(anonymous_22)
FNDA:0,(anonymous_23)
FNDA:0,(anonymous_24)
FNDA:0,(anonymous_25)
FNDA:0,(anonymous_26)
FNDA:0,(anonymous_27)
FNDA:0,(anonymous_28)
FNDA:0,(anonymous_29)
FNDA:0,(anonymous_30)
FNDA:0,(anonymous_31)
FNDA:0,(anonymous_32)
FNDA:0,(anonymous_33)
FNDA:0,(anonymous_34)
FNDA:0,(anonymous_35)
FNDA:0,(anonymous_36)
FNDA:0,(anonymous_37)
DA:14,3
DA:15,0
DA:16,0
DA:25,0
DA:27,0
DA:28,0
DA:35,0
DA:39,0
DA:40,0
DA:47,0
DA:48,0
DA:50,0
DA:51,0
DA:58,0
DA:59,0
DA:66,0
DA:67,0
DA:75,0
DA:99,0
DA:101,0
DA:104,0
DA:105,0
DA:106,0
DA:112,0
DA:115,0
DA:131,0
DA:132,0
DA:148,0
DA:151,0
DA:158,0
DA:159,0
DA:167,3
DA:168,0
DA:169,0
DA:170,0
DA:172,0
DA:179,0
DA:180,0
DA:187,0
DA:188,0
DA:190,0
DA:191,0
DA:198,0
DA:199,0
DA:205,0
DA:211,0
DA:212,0
DA:220,3
DA:221,0
DA:222,0
DA:223,0
DA:225,0
DA:230,0
DA:236,0
DA:237,0
DA:245,3
DA:246,0
DA:247,0
DA:249,0
DA:256,0
DA:257,0
DA:259,0
DA:260,0
DA:262,0
DA:263,0
DA:266,0
DA:272,0
DA:273,0
DA:281,3
DA:282,0
DA:283,0
DA:285,0
DA:291,0
DA:297,0
DA:298,0
DA:306,3
DA:307,0
DA:308,0
DA:309,0
DA:311,0
DA:312,0
DA:313,0
DA:319,0
DA:320,0
DA:321,0
DA:328,0
DA:330,0
DA:336,0
DA:337,0
DA:347,3
DA:351,0
DA:352,0
DA:355,0
DA:359,0
DA:373,0
DA:387,0
DA:396,0
DA:410,0
DA:411,0
DA:412,0
DA:413,0
DA:415,0
DA:424,0
DA:428,3
DA:429,0
DA:430,0
DA:431,0
DA:433,0
DA:435,0
DA:436,0
DA:443,0
DA:444,0
DA:451,0
DA:452,0
DA:459,0
DA:460,0
DA:471,0
DA:472,0
DA:473,0
DA:477,0
DA:485,0
DA:494,0
DA:495,0
DA:503,3
DA:504,0
DA:505,0
DA:506,0
DA:508,0
DA:510,0
DA:511,0
DA:517,0
DA:518,0
DA:525,0
DA:526,0
DA:532,0
DA:533,0
DA:534,0
DA:536,0
DA:538,0
DA:545,0
DA:546,0
DA:554,3
DA:555,0
DA:556,0
DA:557,0
DA:558,0
DA:560,0
DA:562,0
DA:563,0
DA:569,0
DA:570,0
DA:577,0
DA:578,0
DA:579,0
DA:580,0
DA:581,0
DA:583,0
DA:590,0
DA:591,0
DA:592,0
DA:597,0
DA:598,0
DA:599,0
DA:602,0
DA:603,0
DA:604,0
DA:607,0
DA:608,0
DA:609,0
DA:610,0
DA:613,0
DA:616,0
DA:629,0
DA:630,0
DA:640,0
DA:653,0
DA:654,0
DA:662,3
DA:663,0
DA:664,0
DA:665,0
DA:667,0
DA:669,0
DA:670,0
DA:677,0
DA:678,0
DA:680,0
DA:681,0
DA:687,0
DA:688,0
DA:694,0
DA:708,0
DA:709,0
DA:712,0
DA:717,0
DA:718,0
DA:728,3
DA:729,0
DA:730,0
DA:731,0
DA:733,0
DA:735,0
DA:736,0
DA:742,0
DA:743,0
DA:749,0
DA:750,0
DA:751,0
DA:753,0
DA:754,0
DA:757,0
DA:760,0
DA:770,0
DA:776,0
DA:777,0
DA:785,3
DA:786,0
DA:787,0
DA:788,0
DA:790,0
DA:792,0
DA:793,0
DA:799,0
DA:800,0
DA:802,0
DA:803,0
DA:809,0
DA:810,0
DA:814,0
DA:815,0
DA:816,0
DA:817,0
DA:820,0
DA:822,0
DA:829,0
DA:830,0
DA:838,3
DA:839,0
DA:840,0
DA:841,0
DA:843,0
DA:845,0
DA:846,0
DA:852,0
DA:853,0
DA:854,0
DA:857,0
DA:858,0
DA:863,0
DA:866,0
DA:867,0
DA:868,0
DA:869,0
DA:872,0
DA:878,0
DA:879,0
DA:887,3
DA:888,0
DA:889,0
DA:890,0
DA:892,0
DA:894,0
DA:895,0
DA:901,0
DA:910,0
DA:911,0
DA:913,0
DA:916,0
DA:919,0
DA:920,0
DA:930,0
DA:935,0
DA:936,0
DA:944,3
DA:945,0
DA:946,0
DA:947,0
DA:948,0
DA:950,0
DA:952,0
DA:953,0
DA:959,0
DA:960,0
DA:962,0
DA:963,0
DA:969,0
DA:976,0
DA:978,0
DA:983,0
DA:984,0
DA:996,3
DA:997,0
DA:998,0
DA:999,0
DA:1000,0
DA:1002,0
DA:1008,0
DA:1009,0
DA:1016,0
DA:1039,0
DA:1042,0
DA:1061,0
DA:1063,0
DA:1073,0
DA:1074,0
DA:1082,3
DA:1083,0
DA:1084,0
DA:1085,0
DA:1086,0
DA:1088,0
DA:1093,0
DA:1094,0
DA:1100,0
DA:1101,0
DA:1108,0
DA:1109,0
DA:1110,0
DA:1114,0
DA:1115,0
DA:1116,0
DA:1117,0
DA:1123,0
DA:1126,0
DA:1127,0
DA:1130,0
DA:1131,0
DA:1132,0
DA:1146,0
DA:1152,0
DA:1153,0
DA:1161,3
DA:1162,0
DA:1163,0
DA:1164,0
DA:1165,0
DA:1168,0
DA:1169,0
DA:1175,0
DA:1180,0
DA:1181,0
DA:1188,0
DA:1189,0
DA:1196,0
DA:1203,0
DA:1207,0
DA:1208,0
DA:1209,0
DA:1216,0
DA:1217,0
DA:1218,0
DA:1219,0
DA:1220,0
DA:1221,0
DA:1223,0
DA:1226,0
DA:1229,0
DA:1232,0
DA:1246,0
DA:1247,0
DA:1258,0
DA:1264,0
DA:1265,0
DA:1273,3
DA:1274,0
DA:1275,0
DA:1278,0
DA:1279,0
DA:1282,0
DA:1291,0
DA:1317,0
DA:1323,0
DA:1324,0
DA:1332,3
DA:1333,0
DA:1334,0
DA:1338,0
DA:1339,0
DA:1341,0
DA:1343,0
DA:1344,0
DA:1350,0
DA:1366,0
DA:1367,0
DA:1370,0
DA:1371,0
DA:1372,0
DA:1373,0
DA:1376,0
DA:1382,0
DA:1383,0
DA:1391,3
DA:1392,0
DA:1393,0
DA:1394,0
DA:1395,0
DA:1397,0
DA:1399,0
DA:1400,0
DA:1406,0
DA:1422,0
DA:1424,0
DA:1430,0
DA:1431,0
DA:1439,3
DA:1440,0
DA:1441,0
DA:1443,0
DA:1448,0
DA:1449,0
DA:1455,0
DA:1456,0
DA:1462,0
DA:1463,0
DA:1466,0
DA:1467,0
DA:1468,0
DA:1469,0
DA:1472,0
DA:1475,0
DA:1476,0
DA:1477,0
DA:1489,0
DA:1491,0
DA:1495,0
DA:1506,0
DA:1507,0
DA:1508,0
DA:1509,0
DA:1516,0
DA:1519,0
DA:1525,0
DA:1526,0
DA:1534,3
DA:1535,0
DA:1536,0
DA:1537,0
DA:1538,0
DA:1540,0
DA:1542,0
DA:1543,0
DA:1549,0
DA:1550,0
DA:1556,0
DA:1563,0
DA:1564,0
DA:1567,0
DA:1568,0
DA:1569,0
DA:1570,0
DA:1572,0
DA:1573,0
DA:1575,0
DA:1578,0
DA:1579,0
DA:1582,0
DA:1593,0
DA:1598,0
DA:1599,0
DA:1607,3
DA:1608,0
DA:1609,0
DA:1610,0
DA:1611,0
DA:1613,0
DA:1615,0
DA:1616,0
DA:1622,0
DA:1623,0
DA:1629,0
DA:1632,0
DA:1640,0
DA:1645,0
DA:1646,0
DA:1654,3
DA:1655,0
DA:1656,0
DA:1657,0
DA:1659,0
DA:1661,0
DA:1662,0
DA:1668,0
DA:1669,0
DA:1670,0
DA:1672,0
DA:1678,0
DA:1681,0
DA:1690,0
DA:1696,0
DA:1697,0
LF:490
LH:26
BRDA:27,0,0,0
BRDA:27,0,1,0
BRDA:27,1,0,0
BRDA:27,1,1,0
BRDA:39,2,0,0
BRDA:39,2,1,0
BRDA:50,3,0,0
BRDA:50,3,1,0
BRDA:58,4,0,0
BRDA:58,4,1,0
BRDA:58,5,0,0
BRDA:58,5,1,0
BRDA:66,6,0,0
BRDA:66,6,1,0
BRDA:66,7,0,0
BRDA:66,7,1,0
BRDA:82,8,0,0
BRDA:82,8,1,0
BRDA:87,9,0,0
BRDA:87,9,1,0
BRDA:88,10,0,0
BRDA:88,10,1,0
BRDA:104,11,0,0
BRDA:104,11,1,0
BRDA:108,12,0,0
BRDA:108,12,1,0
BRDA:119,13,0,0
BRDA:119,13,1,0
BRDA:131,14,0,0
BRDA:131,14,1,0
BRDA:131,15,0,0
BRDA:131,15,1,0
BRDA:179,16,0,0
BRDA:179,16,1,0
BRDA:190,17,0,0
BRDA:190,17,1,0
BRDA:190,18,0,0
BRDA:190,18,1,0
BRDA:198,19,0,0
BRDA:198,19,1,0
BRDA:198,20,0,0
BRDA:198,20,1,0
BRDA:208,21,0,0
BRDA:208,21,1,0
BRDA:312,22,0,0
BRDA:312,22,1,0
BRDA:320,23,0,0
BRDA:320,23,1,0
BRDA:347,24,0,0
BRDA:351,25,0,0
BRDA:351,25,1,0
BRDA:351,25,2,0
BRDA:412,26,0,0
BRDA:412,26,1,0
BRDA:435,27,0,0
BRDA:435,27,1,0
BRDA:443,28,0,0
BRDA:443,28,1,0
BRDA:451,29,0,0
BRDA:451,29,1,0
BRDA:459,30,0,0
BRDA:459,30,1,0
BRDA:471,31,0,0
BRDA:471,31,1,0
BRDA:471,32,0,0
BRDA:471,32,1,0
BRDA:510,33,0,0
BRDA:510,33,1,0
BRDA:510,34,0,0
BRDA:510,34,1,0
BRDA:517,35,0,0
BRDA:517,35,1,0
BRDA:525,36,0,0
BRDA:525,36,1,0
BRDA:562,37,0,0
BRDA:562,37,1,0
BRDA:562,38,0,0
BRDA:562,38,1,0
BRDA:569,39,0,0
BRDA:569,39,1,0
BRDA:578,40,0,0
BRDA:578,40,1,0
BRDA:591,41,0,0
BRDA:591,41,1,0
BRDA:603,42,0,0
BRDA:603,42,1,0
BRDA:604,43,0,0
BRDA:604,43,1,0
BRDA:608,44,0,0
BRDA:608,44,1,0
BRDA:609,45,0,0
BRDA:609,45,1,0
BRDA:618,46,0,0
BRDA:618,46,1,0
BRDA:619,47,0,0
BRDA:619,47,1,0
BRDA:620,48,0,0
BRDA:620,48,1,0
BRDA:625,49,0,0
BRDA:625,49,1,0
BRDA:629,50,0,0
BRDA:629,50,1,0
BRDA:642,51,0,0
BRDA:642,51,1,0
BRDA:669,52,0,0
BRDA:669,52,1,0
BRDA:680,53,0,0
BRDA:680,53,1,0
BRDA:680,54,0,0
BRDA:680,54,1,0
BRDA:687,55,0,0
BRDA:687,55,1,0
BRDA:708,56,0,0
BRDA:708,56,1,0
BRDA:735,57,0,0
BRDA:735,57,1,0
BRDA:735,58,0,0
BRDA:735,58,1,0
BRDA:742,59,0,0
BRDA:742,59,1,0
BRDA:753,60,0,0
BRDA:753,60,1,0
BRDA:792,61,0,0
BRDA:792,61,1,0
BRDA:802,62,0,0
BRDA:802,62,1,0
BRDA:802,63,0,0
BRDA:802,63,1,0
BRDA:809,64,0,0
BRDA:809,64,1,0
BRDA:814,65,0,0
BRDA:814,65,1,0
BRDA:814,66,0,0
BRDA:814,66,1,0
BRDA:845,67,0,0
BRDA:845,67,1,0
BRDA:857,68,0,0
BRDA:857,68,1,0
BRDA:867,69,0,0
BRDA:867,69,1,0
BRDA:894,70,0,0
BRDA:894,70,1,0
BRDA:904,71,0,0
BRDA:904,71,1,0
BRDA:910,72,0,0
BRDA:910,72,1,0
BRDA:919,73,0,0
BRDA:919,73,1,0
BRDA:952,74,0,0
BRDA:952,74,1,0
BRDA:962,75,0,0
BRDA:962,75,1,0
BRDA:962,76,0,0
BRDA:962,76,1,0
BRDA:971,77,0,0
BRDA:971,77,1,0
BRDA:1008,78,0,0
BRDA:1008,78,1,0
BRDA:1008,79,0,0
BRDA:1008,79,1,0
BRDA:1021,80,0,0
BRDA:1021,80,1,0
BRDA:1024,81,0,0
BRDA:1024,81,1,0
BRDA:1027,82,0,0
BRDA:1027,82,1,0
BRDA:1028,83,0,0
BRDA:1028,83,1,0
BRDA:1029,84,0,0
BRDA:1029,84,1,0
BRDA:1030,85,0,0
BRDA:1030,85,1,0
BRDA:1031,86,0,0
BRDA:1031,86,1,0
BRDA:1032,87,0,0
BRDA:1032,87,1,0
BRDA:1033,88,0,0
BRDA:1033,88,1,0
BRDA:1034,89,0,0
BRDA:1034,89,1,0
BRDA:1035,90,0,0
BRDA:1035,90,1,0
BRDA:1093,91,0,0
BRDA:1093,91,1,0
BRDA:1093,92,0,0
BRDA:1093,92,1,0
BRDA:1100,93,0,0
BRDA:1100,93,1,0
BRDA:1100,94,0,0
BRDA:1100,94,1,0
BRDA:1109,95,0,0
BRDA:1109,95,1,0
BRDA:1115,96,0,0
BRDA:1115,96,1,0
BRDA:1131,97,0,0
BRDA:1131,97,1,0
BRDA:1168,98,0,0
BRDA:1168,98,1,0
BRDA:1180,99,0,0
BRDA:1180,99,1,0
BRDA:1188,100,0,0
BRDA:1188,100,1,0
BRDA:1203,101,0,0
BRDA:1203,101,1,0
BRDA:1204,102,0,0
BRDA:1204,102,1,0
BRDA:1208,103,0,0
BRDA:1208,103,1,0
BRDA:1216,104,0,0
BRDA:1216,104,1,0
BRDA:1219,105,0,0
BRDA:1219,105,1,0
BRDA:1234,106,0,0
BRDA:1234,106,1,0
BRDA:1235,107,0,0
BRDA:1235,107,1,0
BRDA:1237,108,0,0
BRDA:1237,108,1,0
BRDA:1240,109,0,0
BRDA:1240,109,1,0
BRDA:1246,110,0,0
BRDA:1246,110,1,0
BRDA:1343,111,0,0
BRDA:1343,111,1,0
BRDA:1343,112,0,0
BRDA:1343,112,1,0
BRDA:1371,113,0,0
BRDA:1371,113,1,0
BRDA:1399,114,0,0
BRDA:1399,114,1,0
BRDA:1448,115,0,0
BRDA:1448,115,1,0
BRDA:1455,116,0,0
BRDA:1455,116,1,0
BRDA:1455,117,0,0
BRDA:1455,117,1,0
BRDA:1467,118,0,0
BRDA:1467,118,1,0
BRDA:1481,119,0,0
BRDA:1481,119,1,0
BRDA:1487,120,0,0
BRDA:1487,120,1,0
BRDA:1508,121,0,0
BRDA:1508,121,1,0
BRDA:1542,122,0,0
BRDA:1542,122,1,0
BRDA:1542,123,0,0
BRDA:1542,123,1,0
BRDA:1549,124,0,0
BRDA:1549,124,1,0
BRDA:1563,125,0,0
BRDA:1563,125,1,0
BRDA:1568,126,0,0
BRDA:1568,126,1,0
BRDA:1572,127,0,0
BRDA:1572,127,1,0
BRDA:1584,128,0,0
BRDA:1584,128,1,0
BRDA:1585,129,0,0
BRDA:1585,129,1,0
BRDA:1586,130,0,0
BRDA:1586,130,1,0
BRDA:1588,131,0,0
BRDA:1588,131,1,0
BRDA:1595,132,0,0
BRDA:1595,132,1,0
BRDA:1615,133,0,0
BRDA:1615,133,1,0
BRDA:1636,134,0,0
BRDA:1636,134,1,0
BRDA:1661,135,0,0
BRDA:1661,135,1,0
BRF:272
BRH:0
end_of_record
TN:
SF:controllers\job.controller.js
FN:8,(anonymous_0)
FN:63,(anonymous_1)
FN:71,(anonymous_2)
FN:72,(anonymous_3)
FN:96,(anonymous_4)
FN:188,(anonymous_5)
FN:213,(anonymous_6)
FN:233,(anonymous_7)
FN:261,(anonymous_8)
FN:265,(anonymous_9)
FN:266,(anonymous_10)
FN:267,(anonymous_11)
FN:268,(anonymous_12)
FN:291,(anonymous_13)
FN:332,(anonymous_14)
FN:336,(anonymous_15)
FN:337,(anonymous_16)
FN:338,(anonymous_17)
FN:339,(anonymous_18)
FN:340,(anonymous_19)
FN:363,(anonymous_20)
FN:388,(anonymous_21)
FN:391,(anonymous_22)
FN:394,(anonymous_23)
FN:421,(anonymous_24)
FN:463,(anonymous_25)
FN:502,(anonymous_26)
FN:547,(anonymous_27)
FN:570,(anonymous_28)
FN:591,(anonymous_29)
FN:604,(anonymous_30)
FN:635,(anonymous_31)
FN:661,(anonymous_32)
FN:674,(anonymous_33)
FN:676,(anonymous_34)
FN:700,(anonymous_35)
FN:733,(anonymous_36)
FN:775,(anonymous_37)
FN:795,(anonymous_38)
FN:796,(anonymous_39)
FN:797,(anonymous_40)
FN:798,(anonymous_41)
FN:826,(anonymous_42)
FN:848,(anonymous_43)
FN:879,(anonymous_44)
FN:883,(anonymous_45)
FN:912,(anonymous_46)
FN:934,(anonymous_47)
FNF:48
FNH:2
FNDA:1,(anonymous_0)
FNDA:0,(anonymous_1)
FNDA:0,(anonymous_2)
FNDA:0,(anonymous_3)
FNDA:1,(anonymous_4)
FNDA:0,(anonymous_5)
FNDA:0,(anonymous_6)
FNDA:0,(anonymous_7)
FNDA:0,(anonymous_8)
FNDA:0,(anonymous_9)
FNDA:0,(anonymous_10)
FNDA:0,(anonymous_11)
FNDA:0,(anonymous_12)
FNDA:0,(anonymous_13)
FNDA:0,(anonymous_14)
FNDA:0,(anonymous_15)
FNDA:0,(anonymous_16)
FNDA:0,(anonymous_17)
FNDA:0,(anonymous_18)
FNDA:0,(anonymous_19)
FNDA:0,(anonymous_20)
FNDA:0,(anonymous_21)
FNDA:0,(anonymous_22)
FNDA:0,(anonymous_23)
FNDA:0,(anonymous_24)
FNDA:0,(anonymous_25)
FNDA:0,(anonymous_26)
FNDA:0,(anonymous_27)
FNDA:0,(anonymous_28)
FNDA:0,(anonymous_29)
FNDA:0,(anonymous_30)
FNDA:0,(anonymous_31)
FNDA:0,(anonymous_32)
FNDA:0,(anonymous_33)
FNDA:0,(anonymous_34)
FNDA:0,(anonymous_35)
FNDA:0,(anonymous_36)
FNDA:0,(anonymous_37)
FNDA:0,(anonymous_38)
FNDA:0,(anonymous_39)
FNDA:0,(anonymous_40)
FNDA:0,(anonymous_41)
FNDA:0,(anonymous_42)
FNDA:0,(anonymous_43)
FNDA:0,(anonymous_44)
FNDA:0,(anonymous_45)
FNDA:0,(anonymous_46)
FNDA:0,(anonymous_47)
DA:8,3
DA:9,1
DA:24,1
DA:25,1
DA:28,1
DA:29,1
DA:30,0
DA:37,1
DA:38,0
DA:45,1
DA:46,1
DA:47,0
DA:53,1
DA:54,0
DA:60,1
DA:63,0
DA:71,0
DA:72,0
DA:79,1
DA:81,1
DA:87,0
DA:88,0
DA:96,3
DA:97,1
DA:110,1
DA:113,1
DA:116,1
DA:117,0
DA:125,1
DA:126,0
DA:130,1
DA:131,0
DA:135,1
DA:136,0
DA:137,0
DA:138,0
DA:142,1
DA:143,0
DA:147,1
DA:148,0
DA:152,1
DA:153,1
DA:156,1
DA:164,1
DA:165,1
DA:167,1
DA:179,0
DA:180,0
DA:188,3
DA:189,0
DA:190,0
DA:192,0
DA:199,0
DA:200,0
DA:207,0
DA:208,0
DA:211,0
DA:212,0
DA:213,0
DA:214,0
DA:218,0
DA:224,0
DA:225,0
DA:233,3
DA:234,0
DA:235,0
DA:236,0
DA:238,0
DA:240,0
DA:241,0
DA:242,0
DA:243,0
DA:246,0
DA:248,0
DA:258,0
DA:261,0
DA:265,0
DA:266,0
DA:267,0
DA:268,0
DA:272,0
DA:282,0
DA:283,0
DA:291,3
DA:292,0
DA:293,0
DA:294,0
DA:297,0
DA:298,0
DA:299,0
DA:305,0
DA:307,0
DA:308,0
DA:309,0
DA:310,0
DA:313,0
DA:315,0
DA:329,0
DA:332,0
DA:336,0
DA:337,0
DA:338,0
DA:339,0
DA:340,0
DA:344,0
DA:354,0
DA:355,0
DA:363,3
DA:364,0
DA:365,0
DA:366,0
DA:367,0
DA:369,0
DA:371,0
DA:372,0
DA:379,0
DA:380,0
DA:387,0
DA:388,0
DA:390,0
DA:391,0
DA:393,0
DA:394,0
DA:396,0
DA:397,0
DA:398,0
DA:400,0
DA:406,0
DA:412,0
DA:413,0
DA:421,3
DA:422,0
DA:423,0
DA:424,0
DA:426,0
DA:428,0
DA:429,0
DA:436,0
DA:437,0
DA:444,0
DA:447,0
DA:449,0
DA:454,0
DA:455,0
DA:463,3
DA:464,0
DA:465,0
DA:466,0
DA:468,0
DA:470,0
DA:471,0
DA:477,0
DA:478,0
DA:484,0
DA:485,0
DA:487,0
DA:493,0
DA:494,0
DA:502,3
DA:503,0
DA:504,0
DA:505,0
DA:507,0
DA:508,0
DA:510,0
DA:511,0
DA:517,0
DA:520,0
DA:522,0
DA:523,0
DA:526,0
DA:527,0
DA:530,0
DA:532,0
DA:538,0
DA:539,0
DA:547,3
DA:548,0
DA:549,0
DA:551,0
DA:556,0
DA:561,0
DA:562,0
DA:570,3
DA:571,0
DA:572,0
DA:573,0
DA:575,0
DA:577,0
DA:578,0
DA:585,0
DA:586,0
DA:589,0
DA:590,0
DA:591,0
DA:602,0
DA:603,0
DA:604,0
DA:609,0
DA:610,0
DA:616,0
DA:617,0
DA:620,0
DA:621,0
DA:624,0
DA:632,0
DA:633,0
DA:635,0
DA:644,0
DA:647,0
DA:652,0
DA:653,0
DA:661,3
DA:662,0
DA:663,0
DA:665,0
DA:666,0
DA:668,0
DA:670,0
DA:671,0
DA:672,0
DA:674,0
DA:675,0
DA:676,0
DA:677,0
DA:680,0
DA:691,0
DA:692,0
DA:700,3
DA:701,0
DA:702,0
DA:704,0
DA:705,0
DA:707,0
DA:709,0
DA:710,0
DA:716,0
DA:725,0
DA:728,0
DA:730,0
DA:731,0
DA:733,0
DA:735,0
DA:736,0
DA:738,0
DA:739,0
DA:741,0
DA:742,0
DA:744,0
DA:745,0
DA:749,0
DA:750,0
DA:751,0
DA:755,0
DA:756,0
DA:759,0
DA:764,0
DA:765,0
DA:775,3
DA:776,0
DA:777,0
DA:778,0
DA:780,0
DA:781,0
DA:782,0
DA:788,0
DA:795,0
DA:796,0
DA:797,0
DA:798,0
DA:800,0
DA:817,0
DA:818,0
DA:826,3
DA:827,0
DA:828,0
DA:829,0
DA:831,0
DA:833,0
DA:839,0
DA:840,0
DA:848,3
DA:849,0
DA:850,0
DA:851,0
DA:853,0
DA:854,0
DA:855,0
DA:862,0
DA:873,0
DA:879,0
DA:880,0
DA:883,0
DA:884,0
DA:886,0
DA:889,0
DA:890,0
DA:894,0
DA:895,0
DA:899,0
DA:900,0
DA:903,0
DA:912,0
DA:914,0
DA:925,0
DA:926,0
DA:934,3
DA:935,0
DA:936,0
DA:937,0
DA:940,0
DA:941,0
DA:942,0
DA:948,0
DA:951,0
DA:962,0
DA:967,0
DA:982,0
DA:983,0
LF:319
LH:44
BRDA:29,0,0,0
BRDA:29,0,1,1
BRDA:37,1,0,0
BRDA:37,1,1,1
BRDA:46,2,0,0
BRDA:46,2,1,1
BRDA:46,3,0,1
BRDA:46,3,1,1
BRDA:53,4,0,0
BRDA:53,4,1,1
BRDA:53,5,0,1
BRDA:53,5,1,1
BRDA:53,5,2,1
BRDA:53,5,3,1
BRDA:53,5,4,1
BRDA:53,5,5,1
BRDA:53,5,6,1
BRDA:53,5,7,1
BRDA:63,6,0,0
BRDA:63,6,1,1
BRDA:67,7,0,0
BRDA:67,7,1,1
BRDA:71,8,0,0
BRDA:71,8,1,1
BRDA:71,9,0,0
BRDA:71,9,1,0
BRDA:72,10,0,0
BRDA:72,10,1,1
BRDA:72,11,0,0
BRDA:72,11,1,0
BRDA:73,12,0,0
BRDA:73,12,1,1
BRDA:74,13,0,1
BRDA:74,13,1,1
BRDA:89,14,0,0
BRDA:89,14,1,0
BRDA:105,15,0,1
BRDA:106,16,0,1
BRDA:107,17,0,1
BRDA:108,18,0,1
BRDA:116,19,0,0
BRDA:116,19,1,1
BRDA:125,20,0,0
BRDA:125,20,1,1
BRDA:130,21,0,0
BRDA:130,21,1,1
BRDA:135,22,0,0
BRDA:135,22,1,1
BRDA:135,23,0,1
BRDA:135,23,1,1
BRDA:137,24,0,0
BRDA:137,24,1,0
BRDA:138,25,0,0
BRDA:138,25,1,0
BRDA:142,26,0,0
BRDA:142,26,1,1
BRDA:147,27,0,0
BRDA:147,27,1,1
BRDA:153,28,0,1
BRDA:153,28,1,0
BRDA:199,29,0,0
BRDA:199,29,1,0
BRDA:207,30,0,0
BRDA:207,30,1,0
BRDA:212,31,0,0
BRDA:212,31,1,0
BRDA:214,32,0,0
BRDA:214,32,1,0
BRDA:236,33,0,0
BRDA:236,34,0,0
BRDA:240,35,0,0
BRDA:240,35,1,0
BRDA:242,36,0,0
BRDA:242,36,1,0
BRDA:294,37,0,0
BRDA:294,38,0,0
BRDA:298,39,0,0
BRDA:298,39,1,0
BRDA:298,40,0,0
BRDA:298,40,1,0
BRDA:307,41,0,0
BRDA:307,41,1,0
BRDA:309,42,0,0
BRDA:309,42,1,0
BRDA:371,43,0,0
BRDA:371,43,1,0
BRDA:379,44,0,0
BRDA:379,44,1,0
BRDA:387,45,0,0
BRDA:387,45,1,0
BRDA:387,46,0,0
BRDA:387,46,1,0
BRDA:390,47,0,0
BRDA:390,47,1,0
BRDA:390,48,0,0
BRDA:390,48,1,0
BRDA:393,49,0,0
BRDA:393,49,1,0
BRDA:393,50,0,0
BRDA:393,50,1,0
BRDA:396,51,0,0
BRDA:396,51,1,0
BRDA:397,52,0,0
BRDA:397,52,1,0
BRDA:398,53,0,0
BRDA:398,53,1,0
BRDA:428,54,0,0
BRDA:428,54,1,0
BRDA:436,55,0,0
BRDA:436,55,1,0
BRDA:470,56,0,0
BRDA:470,56,1,0
BRDA:477,57,0,0
BRDA:477,57,1,0
BRDA:488,58,0,0
BRDA:488,58,1,0
BRDA:510,59,0,0
BRDA:510,59,1,0
BRDA:520,60,0,0
BRDA:520,60,1,0
BRDA:573,61,0,0
BRDA:577,62,0,0
BRDA:577,62,1,0
BRDA:589,63,0,0
BRDA:589,63,1,0
BRDA:602,64,0,0
BRDA:602,64,1,0
BRDA:609,65,0,0
BRDA:609,65,1,0
BRDA:616,66,0,0
BRDA:616,66,1,0
BRDA:620,67,0,0
BRDA:620,67,1,0
BRDA:632,68,0,0
BRDA:632,68,1,0
BRDA:677,69,0,0
BRDA:677,69,1,0
BRDA:709,70,0,0
BRDA:709,70,1,0
BRDA:735,71,0,0
BRDA:735,71,1,0
BRDA:738,72,0,0
BRDA:738,72,1,0
BRDA:741,73,0,0
BRDA:741,73,1,0
BRDA:744,74,0,0
BRDA:744,74,1,0
BRDA:749,75,0,0
BRDA:749,75,1,0
BRDA:755,76,0,0
BRDA:755,76,1,0
BRDA:778,77,0,0
BRDA:781,78,0,0
BRDA:781,78,1,0
BRDA:781,79,0,0
BRDA:781,79,1,0
BRDA:796,80,0,0
BRDA:796,80,1,0
BRDA:797,81,0,0
BRDA:797,81,1,0
BRDA:851,82,0,0
BRDA:854,83,0,0
BRDA:854,83,1,0
BRDA:866,84,0,0
BRDA:866,84,1,0
BRDA:869,85,0,0
BRDA:869,85,1,0
BRDA:883,86,0,0
BRDA:883,86,1,0
BRDA:884,87,0,0
BRDA:884,87,1,0
BRDA:889,88,0,0
BRDA:889,88,1,0
BRDA:894,89,0,0
BRDA:894,89,1,0
BRDA:899,90,0,0
BRDA:899,90,1,0
BRDA:899,91,0,0
BRDA:899,91,1,0
BRDA:899,92,0,0
BRDA:899,92,1,0
BRDA:906,93,0,0
BRDA:906,93,1,0
BRDA:907,94,0,0
BRDA:907,94,1,0
BRDA:937,95,0,0
BRDA:937,96,0,0
BRDA:941,97,0,0
BRDA:941,97,1,0
BRF:189
BRH:34
end_of_record
TN:
SF:controllers\mcq.controller.js
FN:14,(anonymous_0)
FN:130,(anonymous_1)
FN:153,(anonymous_2)
FN:215,(anonymous_3)
FN:289,(anonymous_4)
FN:347,(anonymous_5)
FN:389,(anonymous_6)
FN:424,(anonymous_7)
FN:479,(anonymous_8)
FN:505,(anonymous_9)
FN:517,(anonymous_10)
FN:588,(anonymous_11)
FN:632,(anonymous_12)
FN:664,(anonymous_13)
FNF:14
FNH:0
FNDA:0,(anonymous_0)
FNDA:0,(anonymous_1)
FNDA:0,(anonymous_2)
FNDA:0,(anonymous_3)
FNDA:0,(anonymous_4)
FNDA:0,(anonymous_5)
FNDA:0,(anonymous_6)
FNDA:0,(anonymous_7)
FNDA:0,(anonymous_8)
FNDA:0,(anonymous_9)
FNDA:0,(anonymous_10)
FNDA:0,(anonymous_11)
FNDA:0,(anonymous_12)
FNDA:0,(anonymous_13)
DA:11,3
DA:14,3
DA:15,0
DA:16,0
DA:18,0
DA:35,0
DA:116,0
DA:125,0
DA:126,0
DA:127,0
DA:130,0
DA:136,0
DA:142,0
DA:144,0
DA:145,0
DA:147,0
DA:153,3
DA:154,0
DA:182,0
DA:183,0
DA:196,0
DA:197,0
DA:200,0
DA:201,0
DA:203,0
DA:204,0
DA:207,0
DA:209,0
DA:210,0
DA:215,3
DA:216,0
DA:217,0
DA:218,0
DA:221,0
DA:225,0
DA:226,0
DA:233,0
DA:238,0
DA:239,0
DA:246,0
DA:247,0
DA:248,0
DA:250,0
DA:251,0
DA:252,0
DA:255,0
DA:257,0
DA:259,0
DA:260,0
DA:261,0
DA:262,0
DA:263,0
DA:265,0
DA:268,0
DA:269,0
DA:270,0
DA:271,0
DA:272,0
DA:274,0
DA:275,0
DA:285,0
DA:289,0
DA:307,0
DA:308,0
DA:311,0
DA:323,0
DA:325,0
DA:338,0
DA:339,0
DA:347,3
DA:348,0
DA:349,0
DA:350,0
DA:352,0
DA:356,0
DA:357,0
DA:364,0
DA:365,0
DA:372,0
DA:373,0
DA:374,0
DA:375,0
DA:382,0
DA:383,0
DA:384,0
DA:385,0
DA:389,0
DA:398,0
DA:415,0
DA:416,0
DA:424,3
DA:425,0
DA:426,0
DA:427,0
DA:428,0
DA:430,0
DA:432,0
DA:433,0
DA:439,0
DA:440,0
DA:446,0
DA:447,0
DA:448,0
DA:449,0
DA:456,0
DA:457,0
DA:458,0
DA:460,0
DA:461,0
DA:464,0
DA:470,0
DA:471,0
DA:479,3
DA:480,0
DA:481,0
DA:482,0
DA:483,0
DA:485,0
DA:489,0
DA:490,0
DA:496,0
DA:497,0
DA:504,0
DA:505,0
DA:506,0
DA:507,0
DA:508,0
DA:515,0
DA:516,0
DA:517,0
DA:518,0
DA:523,0
DA:524,0
DA:525,0
DA:528,0
DA:529,0
DA:530,0
DA:533,0
DA:544,0
DA:546,0
DA:549,0
DA:562,0
DA:564,0
DA:579,0
DA:580,0
DA:588,3
DA:589,0
DA:590,0
DA:591,0
DA:592,0
DA:594,0
DA:596,0
DA:597,0
DA:603,0
DA:604,0
DA:607,0
DA:608,0
DA:616,0
DA:623,0
DA:624,0
DA:632,3
DA:633,0
DA:634,0
DA:636,0
DA:641,0
DA:642,0
DA:648,0
DA:664,0
DA:677,0
DA:678,0
LF:170
LH:9
BRDA:14,0,0,0
BRDA:55,1,0,0
BRDA:55,1,1,0
BRDA:103,2,0,0
BRDA:103,2,1,0
BRDA:127,3,0,0
BRDA:127,3,1,0
BRDA:130,4,0,0
BRDA:130,4,1,0
BRDA:133,5,0,0
BRDA:133,5,1,0
BRDA:133,6,0,0
BRDA:133,6,1,0
BRDA:133,7,0,0
BRDA:133,7,1,0
BRDA:144,8,0,0
BRDA:144,8,1,0
BRDA:196,9,0,0
BRDA:196,9,1,0
BRDA:203,10,0,0
BRDA:203,10,1,0
BRDA:225,11,0,0
BRDA:225,11,1,0
BRDA:238,12,0,0
BRDA:238,12,1,0
BRDA:247,13,0,0
BRDA:247,13,1,0
BRDA:247,13,2,0
BRDA:248,14,0,0
BRDA:248,14,1,0
BRDA:293,15,0,0
BRDA:293,15,1,0
BRDA:294,16,0,0
BRDA:294,16,1,0
BRDA:295,17,0,0
BRDA:295,17,1,0
BRDA:296,18,0,0
BRDA:296,18,1,0
BRDA:356,19,0,0
BRDA:356,19,1,0
BRDA:364,20,0,0
BRDA:364,20,1,0
BRDA:372,21,0,0
BRDA:372,21,1,0
BRDA:382,22,0,0
BRDA:382,22,1,0
BRDA:432,23,0,0
BRDA:432,23,1,0
BRDA:432,24,0,0
BRDA:432,24,1,0
BRDA:439,25,0,0
BRDA:439,25,1,0
BRDA:446,26,0,0
BRDA:446,26,1,0
BRDA:456,27,0,0
BRDA:456,27,1,0
BRDA:456,28,0,0
BRDA:456,28,1,0
BRDA:460,29,0,0
BRDA:460,29,1,0
BRDA:489,30,0,0
BRDA:489,30,1,0
BRDA:489,31,0,0
BRDA:489,31,1,0
BRDA:496,32,0,0
BRDA:496,32,1,0
BRDA:504,33,0,0
BRDA:504,33,1,0
BRDA:504,34,0,0
BRDA:504,34,1,0
BRDA:506,35,0,0
BRDA:506,35,1,0
BRDA:506,36,0,0
BRDA:506,36,1,0
BRDA:515,37,0,0
BRDA:515,37,1,0
BRDA:516,38,0,0
BRDA:516,38,1,0
BRDA:516,39,0,0
BRDA:516,39,1,0
BRDA:524,40,0,0
BRDA:524,40,1,0
BRDA:529,41,0,0
BRDA:529,41,1,0
BRDA:551,42,0,0
BRDA:551,42,1,0
BRDA:552,43,0,0
BRDA:552,43,1,0
BRDA:553,44,0,0
BRDA:553,44,1,0
BRDA:565,45,0,0
BRDA:565,45,1,0
BRDA:596,46,0,0
BRDA:596,46,1,0
BRDA:596,47,0,0
BRDA:596,47,1,0
BRDA:607,48,0,0
BRDA:607,48,1,0
BRDA:641,49,0,0
BRDA:641,49,1,0
BRF:100
BRH:0
end_of_record
TN:
SF:controllers\message.controller.js
FN:9,(anonymous_0)
FN:95,(anonymous_1)
FN:138,(anonymous_2)
FN:165,(anonymous_3)
FN:215,(anonymous_4)
FN:256,(anonymous_5)
FN:282,(anonymous_6)
FN:304,(anonymous_7)
FN:346,(anonymous_8)
FN:422,(anonymous_9)
FN:459,(anonymous_10)
FN:473,(anonymous_11)
FN:505,(anonymous_12)
FNF:13
FNH:0
FNDA:0,(anonymous_0)
FNDA:0,(anonymous_1)
FNDA:0,(anonymous_2)
FNDA:0,(anonymous_3)
FNDA:0,(anonymous_4)
FNDA:0,(anonymous_5)
FNDA:0,(anonymous_6)
FNDA:0,(anonymous_7)
FNDA:0,(anonymous_8)
FNDA:0,(anonymous_9)
FNDA:0,(anonymous_10)
FNDA:0,(anonymous_11)
FNDA:0,(anonymous_12)
DA:9,3
DA:10,0
DA:11,0
DA:19,0
DA:22,0
DA:23,0
DA:30,0
DA:31,0
DA:32,0
DA:39,0
DA:40,0
DA:41,0
DA:48,0
DA:61,0
DA:71,0
DA:73,0
DA:84,0
DA:85,0
DA:95,3
DA:96,0
DA:97,0
DA:104,0
DA:106,0
DA:115,0
DA:117,0
DA:127,0
DA:128,0
DA:138,3
DA:139,0
DA:140,0
DA:141,0
DA:143,0
DA:148,0
DA:154,0
DA:155,0
DA:165,3
DA:166,0
DA:167,0
DA:168,0
DA:170,0
DA:177,0
DA:178,0
DA:185,0
DA:187,0
DA:194,0
DA:195,0
DA:198,0
DA:204,0
DA:205,0
DA:215,3
DA:216,0
DA:217,0
DA:218,0
DA:220,0
DA:222,0
DA:223,0
DA:230,0
DA:231,0
DA:237,0
DA:239,0
DA:245,0
DA:246,0
DA:256,3
DA:257,0
DA:258,0
DA:260,0
DA:265,0
DA:271,0
DA:272,0
DA:282,3
DA:283,0
DA:284,0
DA:285,0
DA:287,0
DA:293,0
DA:294,0
DA:304,3
DA:305,0
DA:306,0
DA:307,0
DA:309,0
DA:311,0
DA:312,0
DA:319,0
DA:321,0
DA:327,0
DA:329,0
DA:335,0
DA:336,0
DA:346,3
DA:347,0
DA:348,0
DA:349,0
DA:350,0
DA:352,0
DA:353,0
DA:360,0
DA:363,0
DA:364,0
DA:371,0
DA:374,0
DA:388,0
DA:398,0
DA:400,0
DA:411,0
DA:412,0
DA:422,3
DA:423,0
DA:424,0
DA:430,0
DA:433,0
DA:434,0
DA:435,0
DA:441,0
DA:442,0
DA:449,0
DA:451,0
DA:452,0
DA:459,0
DA:470,0
DA:473,0
DA:480,0
DA:482,0
DA:484,0
DA:494,0
DA:495,0
DA:505,3
DA:506,0
DA:507,0
DA:508,0
DA:509,0
DA:511,0
DA:514,0
DA:528,0
DA:533,0
DA:542,0
DA:543,0
LF:137
LH:11
BRDA:16,0,0,0
BRDA:17,1,0,0
BRDA:18,2,0,0
BRDA:22,3,0,0
BRDA:22,3,1,0
BRDA:22,4,0,0
BRDA:22,4,1,0
BRDA:22,4,2,0
BRDA:31,5,0,0
BRDA:31,5,1,0
BRDA:40,6,0,0
BRDA:40,6,1,0
BRDA:99,7,0,0
BRDA:100,8,0,0
BRDA:111,9,0,0
BRDA:111,9,1,0
BRDA:111,10,0,0
BRDA:111,10,1,0
BRDA:141,11,0,0
BRDA:141,12,0,0
BRDA:177,13,0,0
BRDA:177,13,1,0
BRDA:185,14,0,0
BRDA:185,14,1,0
BRDA:185,15,0,0
BRDA:185,15,1,0
BRDA:194,16,0,0
BRDA:194,16,1,0
BRDA:194,17,0,0
BRDA:194,17,1,0
BRDA:222,18,0,0
BRDA:222,18,1,0
BRDA:230,19,0,0
BRDA:230,19,1,0
BRDA:311,20,0,0
BRDA:311,20,1,0
BRDA:319,21,0,0
BRDA:319,21,1,0
BRDA:319,22,0,0
BRDA:319,22,1,0
BRDA:352,23,0,0
BRDA:352,23,1,0
BRDA:363,24,0,0
BRDA:363,24,1,0
BRDA:428,25,0,0
BRDA:429,26,0,0
BRDA:434,27,0,0
BRDA:434,27,1,0
BRDA:441,28,0,0
BRDA:441,28,1,0
BRDA:441,29,0,0
BRDA:441,29,1,0
BRDA:451,30,0,0
BRDA:451,30,1,0
BRDA:509,31,0,0
BRDA:509,32,0,0
BRF:56
BRH:0
end_of_record
TN:
SF:controllers\notification.controller.js
FN:5,(anonymous_0)
FN:54,(anonymous_1)
FN:73,(anonymous_2)
FN:126,(anonymous_3)
FN:156,(anonymous_4)
FN:177,(anonymous_5)
FN:224,(anonymous_6)
FN:254,(anonymous_7)
FN:269,(anonymous_8)
FN:272,(anonymous_9)
FNF:10
FNH:0
FNDA:0,(anonymous_0)
FNDA:0,(anonymous_1)
FNDA:0,(anonymous_2)
FNDA:0,(anonymous_3)
FNDA:0,(anonymous_4)
FNDA:0,(anonymous_5)
FNDA:0,(anonymous_6)
FNDA:0,(anonymous_7)
FNDA:0,(anonymous_8)
FNDA:0,(anonymous_9)
DA:5,3
DA:6,0
DA:7,0
DA:8,0
DA:10,0
DA:12,0
DA:13,0
DA:16,0
DA:17,0
DA:20,0
DA:22,0
DA:30,0
DA:31,0
DA:33,0
DA:45,0
DA:46,0
DA:54,3
DA:55,0
DA:56,0
DA:57,0
DA:59,0
DA:64,0
DA:65,0
DA:73,3
DA:74,0
DA:75,0
DA:78,0
DA:89,0
DA:100,0
DA:111,0
DA:117,0
DA:118,0
DA:126,3
DA:127,0
DA:128,0
DA:129,0
DA:131,0
DA:133,0
DA:134,0
DA:140,0
DA:142,0
DA:147,0
DA:148,0
DA:156,3
DA:157,0
DA:158,0
DA:160,0
DA:162,0
DA:168,0
DA:169,0
DA:177,3
DA:178,0
DA:179,0
DA:180,0
DA:183,0
DA:188,0
DA:189,0
DA:195,0
DA:196,0
DA:197,0
DA:201,0
DA:210,0
DA:215,0
DA:216,0
DA:224,3
DA:225,0
DA:226,0
DA:227,0
DA:229,0
DA:231,0
DA:232,0
DA:238,0
DA:240,0
DA:245,0
DA:246,0
DA:254,3
DA:255,0
DA:256,0
DA:261,0
DA:263,0
DA:264,0
DA:269,3
DA:270,0
DA:271,0
DA:273,0
DA:276,0
DA:278,0
DA:279,0
LF:88
LH:9
BRDA:8,0,0,0
BRDA:8,1,0,0
BRDA:8,2,0,0
BRDA:12,3,0,0
BRDA:12,3,1,0
BRDA:16,4,0,0
BRDA:16,4,1,0
BRDA:133,5,0,0
BRDA:133,5,1,0
BRDA:188,6,0,0
BRDA:188,6,1,0
BRDA:195,7,0,0
BRDA:195,7,1,0
BRDA:231,8,0,0
BRDA:231,8,1,0
BRF:15
BRH:0
end_of_record
TN:
SF:controllers\otp.controller.js
FN:7,(anonymous_0)
FN:12,(anonymous_1)
FN:20,(anonymous_2)
FN:79,(anonymous_3)
FN:149,(anonymous_4)
FN:197,(anonymous_5)
FN:262,(anonymous_6)
FNF:7
FNH:0
FNDA:0,(anonymous_0)
FNDA:0,(anonymous_1)
FNDA:0,(anonymous_2)
FNDA:0,(anonymous_3)
FNDA:0,(anonymous_4)
FNDA:0,(anonymous_5)
FNDA:0,(anonymous_6)
DA:7,3
DA:8,0
DA:12,3
DA:20,3
DA:21,0
DA:22,0
DA:23,0
DA:25,0
DA:26,0
DA:33,0
DA:35,0
DA:37,0
DA:43,0
DA:51,0
DA:52,0
DA:59,0
DA:60,0
DA:63,0
DA:65,0
DA:70,0
DA:71,0
DA:79,3
DA:80,0
DA:81,0
DA:83,0
DA:84,0
DA:91,0
DA:92,0
DA:93,0
DA:100,0
DA:101,0
DA:102,0
DA:109,0
DA:112,0
DA:113,0
DA:116,0
DA:128,0
DA:129,0
DA:130,0
DA:131,0
DA:132,0
DA:133,0
DA:134,0
DA:141,0
DA:144,0
DA:147,0
DA:149,0
DA:150,0
DA:154,0
DA:157,0
DA:174,0
DA:188,0
DA:189,0
DA:197,3
DA:198,0
DA:199,0
DA:201,0
DA:202,0
DA:209,0
DA:210,0
DA:211,0
DA:218,0
DA:219,0
DA:220,0
DA:227,0
DA:228,0
DA:229,0
DA:232,0
DA:234,0
DA:244,0
DA:253,0
DA:254,0
DA:262,3
DA:263,0
DA:264,0
DA:266,0
DA:267,0
DA:274,0
DA:275,0
DA:278,0
DA:280,0
DA:285,0
DA:286,0
LF:83
LH:6
BRDA:7,0,0,0
BRDA:12,1,0,0
BRDA:23,2,0,0
BRDA:25,3,0,0
BRDA:25,3,1,0
BRDA:35,4,0,0
BRDA:35,4,1,0
BRDA:35,5,0,0
BRDA:35,5,1,0
BRDA:44,6,0,0
BRDA:44,6,1,0
BRDA:51,7,0,0
BRDA:51,7,1,0
BRDA:51,8,0,0
BRDA:51,8,1,0
BRDA:72,9,0,0
BRDA:72,9,1,0
BRDA:81,10,0,0
BRDA:83,11,0,0
BRDA:83,11,1,0
BRDA:83,12,0,0
BRDA:83,12,1,0
BRDA:83,12,2,0
BRDA:83,12,3,0
BRDA:92,13,0,0
BRDA:92,13,1,0
BRDA:101,14,0,0
BRDA:101,14,1,0
BRDA:119,15,0,0
BRDA:119,15,1,0
BRDA:128,16,0,0
BRDA:128,16,1,0
BRDA:147,17,0,0
BRDA:147,17,1,0
BRDA:166,18,0,0
BRDA:166,18,1,0
BRDA:177,19,0,0
BRDA:177,19,1,0
BRDA:185,20,0,0
BRDA:185,20,1,0
BRDA:190,21,0,0
BRDA:190,21,1,0
BRDA:201,22,0,0
BRDA:201,22,1,0
BRDA:201,23,0,0
BRDA:201,23,1,0
BRDA:210,24,0,0
BRDA:210,24,1,0
BRDA:219,25,0,0
BRDA:219,25,1,0
BRDA:255,26,0,0
BRDA:255,26,1,0
BRDA:264,27,0,0
BRDA:266,28,0,0
BRDA:266,28,1,0
BRDA:287,29,0,0
BRDA:287,29,1,0
BRF:57
BRH:0
end_of_record
TN:
SF:controllers\paddle.controller.js
FN:25,(anonymous_0)
FN:44,(anonymous_1)
FN:98,(anonymous_2)
FN:149,(anonymous_3)
FN:194,(anonymous_4)
FN:198,(anonymous_5)
FN:213,(anonymous_6)
FN:314,(anonymous_7)
FN:343,(anonymous_8)
FN:369,(anonymous_9)
FN:391,(anonymous_10)
FN:422,(anonymous_11)
FNF:12
FNH:0
FNDA:0,(anonymous_0)
FNDA:0,(anonymous_1)
FNDA:0,(anonymous_2)
FNDA:0,(anonymous_3)
FNDA:0,(anonymous_4)
FNDA:0,(anonymous_5)
FNDA:0,(anonymous_6)
FNDA:0,(anonymous_7)
FNDA:0,(anonymous_8)
FNDA:0,(anonymous_9)
FNDA:0,(anonymous_10)
FNDA:0,(anonymous_11)
DA:9,3
DA:20,3
DA:25,3
DA:26,0
DA:27,0
DA:33,0
DA:34,0
DA:44,3
DA:45,0
DA:52,0
DA:55,0
DA:58,0
DA:69,0
DA:70,0
DA:71,0
DA:72,0
DA:76,0
DA:78,0
DA:87,0
DA:88,0
DA:98,3
DA:99,0
DA:100,0
DA:102,0
DA:103,0
DA:109,0
DA:111,0
DA:112,0
DA:121,0
DA:124,0
DA:131,0
DA:138,0
DA:139,0
DA:149,3
DA:150,0
DA:151,0
DA:152,0
DA:155,0
DA:156,0
DA:157,0
DA:158,0
DA:159,0
DA:163,0
DA:164,0
DA:166,0
DA:168,0
DA:169,0
DA:171,0
DA:172,0
DA:174,0
DA:175,0
DA:177,0
DA:178,0
DA:180,0
DA:181,0
DA:183,0
DA:186,0
DA:188,0
DA:189,0
DA:194,3
DA:195,0
DA:196,0
DA:198,0
DA:199,0
DA:200,0
DA:205,0
DA:207,0
DA:208,0
DA:213,3
DA:214,0
DA:216,0
DA:218,0
DA:219,0
DA:220,0
DA:221,0
DA:224,0
DA:226,0
DA:228,0
DA:229,0
DA:230,0
DA:234,0
DA:235,0
DA:238,0
DA:239,0
DA:242,0
DA:243,0
DA:244,0
DA:248,0
DA:249,0
DA:250,0
DA:253,0
DA:254,0
DA:257,0
DA:258,0
DA:260,0
DA:263,0
DA:264,0
DA:265,0
DA:266,0
DA:267,0
DA:268,0
DA:269,0
DA:272,0
DA:276,0
DA:289,0
DA:291,0
DA:292,0
DA:295,0
DA:296,0
DA:306,0
DA:307,0
DA:310,0
DA:314,3
DA:315,0
DA:317,0
DA:318,0
DA:319,0
DA:321,0
DA:322,0
DA:323,0
DA:324,0
DA:325,0
DA:328,0
DA:329,0
DA:339,0
DA:343,3
DA:344,0
DA:346,0
DA:347,0
DA:348,0
DA:350,0
DA:357,0
DA:358,0
DA:359,0
DA:360,0
DA:361,0
DA:362,0
DA:365,0
DA:369,3
DA:370,0
DA:372,0
DA:373,0
DA:375,0
DA:376,0
DA:377,0
DA:378,0
DA:380,0
DA:381,0
DA:383,0
DA:384,0
DA:387,0
DA:391,3
DA:392,0
DA:394,0
DA:395,0
DA:397,0
DA:398,0
DA:399,0
DA:400,0
DA:401,0
DA:403,0
DA:404,0
DA:412,0
DA:415,0
DA:422,3
DA:423,0
LF:166
LH:13
BRDA:10,0,0,3
BRDA:10,0,1,0
BRDA:11,1,0,3
BRDA:11,1,1,0
BRDA:12,2,0,3
BRDA:12,2,1,0
BRDA:13,3,0,3
BRDA:13,3,1,3
BRDA:14,4,0,0
BRDA:14,4,1,3
BRDA:48,5,0,0
BRDA:71,6,0,0
BRDA:71,6,1,0
BRDA:102,7,0,0
BRDA:102,7,1,0
BRDA:111,8,0,0
BRDA:111,8,1,0
BRDA:155,9,0,0
BRDA:155,9,1,0
BRDA:157,10,0,0
BRDA:157,10,1,0
BRDA:166,11,0,0
BRDA:166,11,1,0
BRDA:166,11,2,0
BRDA:166,11,3,0
BRDA:166,11,4,0
BRDA:166,11,5,0
BRDA:196,12,0,0
BRDA:196,12,1,0
BRDA:218,13,0,0
BRDA:218,13,1,0
BRDA:218,13,2,0
BRDA:220,14,0,0
BRDA:220,14,1,0
BRDA:226,15,0,0
BRDA:226,15,1,0
BRDA:229,16,0,0
BRDA:229,16,1,0
BRDA:234,17,0,0
BRDA:234,17,1,0
BRDA:234,18,0,0
BRDA:234,18,1,0
BRDA:238,19,0,0
BRDA:238,19,1,0
BRDA:238,20,0,0
BRDA:238,20,1,0
BRDA:242,21,0,0
BRDA:242,21,1,0
BRDA:248,22,0,0
BRDA:248,22,1,0
BRDA:250,23,0,0
BRDA:250,23,1,0
BRDA:250,23,2,0
BRDA:250,23,3,0
BRDA:250,23,4,0
BRDA:272,24,0,0
BRDA:272,24,1,0
BRDA:274,25,0,0
BRDA:274,25,1,0
BRDA:279,26,0,0
BRDA:279,26,1,0
BRDA:295,27,0,0
BRDA:295,27,1,0
BRDA:300,28,0,0
BRDA:300,28,1,0
BRDA:306,29,0,0
BRDA:306,29,1,0
BRDA:318,30,0,0
BRDA:318,30,1,0
BRDA:318,30,2,0
BRDA:319,31,0,0
BRDA:319,31,1,0
BRDA:322,32,0,0
BRDA:322,32,1,0
BRDA:324,33,0,0
BRDA:324,33,1,0
BRDA:328,34,0,0
BRDA:328,34,1,0
BRDA:328,35,0,0
BRDA:328,35,1,0
BRDA:347,36,0,0
BRDA:347,36,1,0
BRDA:357,37,0,0
BRDA:357,37,1,0
BRDA:359,38,0,0
BRDA:359,38,1,0
BRDA:375,39,0,0
BRDA:375,39,1,0
BRDA:376,40,0,0
BRDA:376,40,1,0
BRDA:377,41,0,0
BRDA:377,41,1,0
BRDA:380,42,0,0
BRDA:380,42,1,0
BRDA:397,43,0,0
BRDA:397,43,1,0
BRDA:403,44,0,0
BRDA:403,44,1,0
BRDA:408,45,0,0
BRDA:408,45,1,0
BRF:100
BRH:6
end_of_record
TN:
SF:controllers\payment.controller.js
FN:17,(anonymous_0)
FN:24,(anonymous_1)
FN:42,(anonymous_2)
FN:103,(anonymous_3)
FN:167,(anonymous_4)
FN:191,(anonymous_5)
FN:212,(anonymous_6)
FN:292,(anonymous_7)
FN:330,(anonymous_8)
FN:383,(anonymous_9)
FN:397,(anonymous_10)
FN:443,(anonymous_11)
FN:457,(anonymous_12)
FN:477,(anonymous_13)
FN:484,(anonymous_14)
FN:503,(anonymous_15)
FN:536,(anonymous_16)
FN:560,(anonymous_17)
FN:573,(anonymous_18)
FN:574,(anonymous_19)
FN:600,(anonymous_20)
FN:618,(anonymous_21)
FNF:22
FNH:0
FNDA:0,(anonymous_0)
FNDA:0,(anonymous_1)
FNDA:0,(anonymous_2)
FNDA:0,(anonymous_3)
FNDA:0,(anonymous_4)
FNDA:0,(anonymous_5)
FNDA:0,(anonymous_6)
FNDA:0,(anonymous_7)
FNDA:0,(anonymous_8)
FNDA:0,(anonymous_9)
FNDA:0,(anonymous_10)
FNDA:0,(anonymous_11)
FNDA:0,(anonymous_12)
FNDA:0,(anonymous_13)
FNDA:0,(anonymous_14)
FNDA:0,(anonymous_15)
FNDA:0,(anonymous_16)
FNDA:0,(anonymous_17)
FNDA:0,(anonymous_18)
FNDA:0,(anonymous_19)
FNDA:0,(anonymous_20)
FNDA:0,(anonymous_21)
DA:7,3
DA:17,3
DA:18,0
DA:19,0
DA:20,0
DA:24,3
DA:25,0
DA:26,0
DA:29,0
DA:38,0
DA:42,3
DA:43,0
DA:45,0
DA:47,0
DA:50,0
DA:66,0
DA:68,0
DA:69,0
DA:72,0
DA:74,0
DA:76,0
DA:85,0
DA:87,0
DA:90,0
DA:91,0
DA:103,3
DA:104,0
DA:105,0
DA:108,0
DA:109,0
DA:115,0
DA:116,0
DA:119,0
DA:120,0
DA:123,0
DA:138,0
DA:139,0
DA:149,0
DA:158,0
DA:159,0
DA:167,3
DA:168,0
DA:169,0
DA:171,0
DA:182,0
DA:183,0
DA:191,3
DA:192,0
DA:193,0
DA:194,0
DA:197,0
DA:199,0
DA:201,0
DA:205,0
DA:206,0
DA:212,0
DA:214,0
DA:226,0
DA:227,0
DA:228,0
DA:230,0
DA:239,0
DA:240,0
DA:241,0
DA:242,0
DA:244,0
DA:255,0
DA:260,0
DA:261,0
DA:262,0
DA:264,0
DA:275,0
DA:283,0
DA:284,0
DA:292,3
DA:293,0
DA:294,0
DA:297,0
DA:299,0
DA:300,0
DA:306,0
DA:307,0
DA:314,0
DA:321,0
DA:322,0
DA:330,3
DA:331,0
DA:332,0
DA:333,0
DA:336,0
DA:337,0
DA:342,0
DA:343,0
DA:344,0
DA:351,0
DA:353,0
DA:355,0
DA:358,0
DA:359,0
DA:362,0
DA:363,0
DA:366,0
DA:367,0
DA:369,0
DA:372,0
DA:374,0
DA:375,0
DA:383,3
DA:384,0
DA:387,0
DA:388,0
DA:389,0
DA:393,0
DA:394,0
DA:395,0
DA:396,0
DA:397,0
DA:398,0
DA:399,0
DA:400,0
DA:403,0
DA:404,0
DA:406,0
DA:407,0
DA:409,0
DA:410,0
DA:412,0
DA:413,0
DA:416,0
DA:426,0
DA:427,0
DA:430,0
DA:443,3
DA:444,0
DA:445,0
DA:448,0
DA:449,0
DA:450,0
DA:453,0
DA:454,0
DA:455,0
DA:456,0
DA:457,0
DA:458,0
DA:459,0
DA:460,0
DA:461,0
DA:463,0
DA:477,3
DA:478,0
DA:480,0
DA:481,0
DA:482,0
DA:483,0
DA:484,0
DA:485,0
DA:486,0
DA:487,0
DA:488,0
DA:490,0
DA:503,3
DA:504,0
DA:505,0
DA:508,0
DA:510,0
DA:511,0
DA:525,0
DA:529,0
DA:530,0
DA:536,0
DA:538,0
DA:551,0
DA:552,0
DA:560,3
DA:561,0
DA:562,0
DA:564,0
DA:565,0
DA:566,0
DA:572,0
DA:573,0
DA:574,0
DA:585,0
DA:591,0
DA:592,0
DA:600,3
DA:601,0
DA:602,0
DA:603,0
DA:604,0
DA:606,0
DA:611,0
DA:612,0
DA:618,0
DA:620,0
DA:621,0
DA:628,0
DA:629,0
DA:630,0
DA:632,0
DA:634,0
DA:644,0
DA:645,0
LF:203
LH:15
BRDA:9,0,0,3
BRDA:9,0,1,3
BRDA:10,1,0,3
BRDA:10,1,1,3
BRDA:13,2,0,3
BRDA:13,2,1,3
BRDA:25,3,0,0
BRDA:25,3,1,0
BRDA:56,4,0,0
BRDA:56,4,1,0
BRDA:68,5,0,0
BRDA:68,5,1,0
BRDA:68,6,0,0
BRDA:68,6,1,0
BRDA:68,6,2,0
BRDA:87,7,0,0
BRDA:87,7,1,0
BRDA:108,8,0,0
BRDA:108,8,1,0
BRDA:108,9,0,0
BRDA:108,9,1,0
BRDA:116,10,0,0
BRDA:116,10,1,0
BRDA:128,11,0,0
BRDA:128,11,1,0
BRDA:130,12,0,0
BRDA:130,12,1,0
BRDA:138,13,0,0
BRDA:138,13,1,0
BRDA:175,14,0,0
BRDA:175,14,1,0
BRDA:178,15,0,0
BRDA:178,15,1,0
BRDA:199,16,0,0
BRDA:199,16,1,0
BRDA:205,17,0,0
BRDA:205,17,1,0
BRDA:226,18,0,0
BRDA:226,18,1,0
BRDA:226,19,0,0
BRDA:226,19,1,0
BRDA:239,20,0,0
BRDA:239,20,1,0
BRDA:255,21,0,0
BRDA:255,21,1,0
BRDA:260,22,0,0
BRDA:260,22,1,0
BRDA:299,23,0,0
BRDA:299,23,1,0
BRDA:306,24,0,0
BRDA:306,24,1,0
BRDA:336,25,0,0
BRDA:336,25,1,0
BRDA:336,26,0,0
BRDA:336,26,1,0
BRDA:342,27,0,0
BRDA:342,27,1,0
BRDA:355,28,0,0
BRDA:355,28,1,0
BRDA:355,28,2,0
BRDA:355,28,3,0
BRDA:355,28,4,0
BRDA:355,28,5,0
BRDA:355,28,6,0
BRDA:384,29,0,0
BRDA:384,29,1,0
BRDA:384,29,2,0
BRDA:387,30,0,0
BRDA:387,30,1,0
BRDA:389,31,0,0
BRDA:389,31,1,0
BRDA:394,32,0,0
BRDA:394,32,1,0
BRDA:396,33,0,0
BRDA:396,33,1,0
BRDA:398,34,0,0
BRDA:398,34,1,0
BRDA:398,35,0,0
BRDA:398,35,1,0
BRDA:400,36,0,0
BRDA:400,36,1,0
BRDA:404,37,0,0
BRDA:404,37,1,0
BRDA:404,37,2,0
BRDA:444,38,0,0
BRDA:444,38,1,0
BRDA:444,38,2,0
BRDA:445,39,0,0
BRDA:445,39,1,0
BRDA:448,40,0,0
BRDA:448,40,1,0
BRDA:454,41,0,0
BRDA:454,41,1,0
BRDA:456,42,0,0
BRDA:456,42,1,0
BRDA:458,43,0,0
BRDA:458,43,1,0
BRDA:478,44,0,0
BRDA:478,44,1,0
BRDA:478,44,2,0
BRDA:481,45,0,0
BRDA:481,45,1,0
BRDA:483,46,0,0
BRDA:483,46,1,0
BRDA:485,47,0,0
BRDA:485,47,1,0
BRDA:510,48,0,0
BRDA:510,48,1,0
BRDA:529,49,0,0
BRDA:529,49,1,0
BRDA:565,50,0,0
BRDA:565,50,1,0
BRDA:611,51,0,0
BRDA:611,51,1,0
BRDA:620,52,0,0
BRDA:620,52,1,0
BRF:116
BRH:6
end_of_record
TN:
SF:controllers\subscription.controller.js
FN:5,(anonymous_0)
FN:7,(anonymous_1)
FN:36,(anonymous_2)
FN:131,(anonymous_3)
FN:195,(anonymous_4)
FN:247,(anonymous_5)
FN:285,(anonymous_6)
FN:357,(anonymous_7)
FN:371,(anonymous_8)
FN:383,(anonymous_9)
FN:422,(anonymous_10)
FN:424,(anonymous_11)
FNF:12
FNH:0
FNDA:0,(anonymous_0)
FNDA:0,(anonymous_1)
FNDA:0,(anonymous_2)
FNDA:0,(anonymous_3)
FNDA:0,(anonymous_4)
FNDA:0,(anonymous_5)
FNDA:0,(anonymous_6)
FNDA:0,(anonymous_7)
FNDA:0,(anonymous_8)
FNDA:0,(anonymous_9)
FNDA:0,(anonymous_10)
FNDA:0,(anonymous_11)
DA:5,3
DA:6,0
DA:7,0
DA:18,0
DA:27,0
DA:28,0
DA:36,3
DA:37,0
DA:38,0
DA:39,0
DA:41,0
DA:42,0
DA:48,0
DA:49,0
DA:55,0
DA:56,0
DA:62,0
DA:63,0
DA:64,0
DA:71,0
DA:72,0
DA:79,0
DA:80,0
DA:82,0
DA:84,0
DA:85,0
DA:87,0
DA:88,0
DA:90,0
DA:91,0
DA:95,0
DA:96,0
DA:99,0
DA:110,0
DA:112,0
DA:114,0
DA:122,0
DA:123,0
DA:131,3
DA:132,0
DA:133,0
DA:134,0
DA:136,0
DA:137,0
DA:138,0
DA:144,0
DA:145,0
DA:151,0
DA:152,0
DA:154,0
DA:155,0
DA:162,0
DA:163,0
DA:166,0
DA:173,0
DA:175,0
DA:186,0
DA:187,0
DA:195,3
DA:196,0
DA:197,0
DA:198,0
DA:200,0
DA:201,0
DA:202,0
DA:208,0
DA:209,0
DA:216,0
DA:217,0
DA:218,0
DA:219,0
DA:221,0
DA:224,0
DA:232,0
DA:238,0
DA:239,0
DA:247,3
DA:248,0
DA:249,0
DA:250,0
DA:252,0
DA:253,0
DA:254,0
DA:260,0
DA:261,0
DA:262,0
DA:263,0
DA:265,0
DA:276,0
DA:277,0
DA:285,3
DA:286,0
DA:287,0
DA:289,0
DA:290,0
DA:291,0
DA:297,0
DA:300,0
DA:301,0
DA:302,0
DA:304,0
DA:306,0
DA:307,0
DA:308,0
DA:311,0
DA:313,0
DA:316,0
DA:317,0
DA:318,0
DA:319,0
DA:323,0
DA:324,0
DA:325,0
DA:326,0
DA:330,0
DA:331,0
DA:334,0
DA:348,0
DA:349,0
DA:357,3
DA:358,0
DA:359,0
DA:361,0
DA:362,0
DA:363,0
DA:369,0
DA:371,0
DA:374,0
DA:375,0
DA:383,3
DA:384,0
DA:385,0
DA:388,0
DA:395,0
DA:397,0
DA:398,0
DA:399,0
DA:400,0
DA:405,0
DA:406,0
DA:413,0
DA:416,0
DA:417,0
DA:418,0
DA:421,0
DA:422,0
DA:424,0
DA:435,0
DA:467,0
DA:468,0
LF:150
LH:8
BRDA:13,0,0,0
BRDA:13,0,1,0
BRDA:14,1,0,0
BRDA:14,1,1,0
BRDA:41,2,0,0
BRDA:41,2,1,0
BRDA:41,3,0,0
BRDA:41,3,1,0
BRDA:41,3,2,0
BRDA:48,4,0,0
BRDA:48,4,1,0
BRDA:55,5,0,0
BRDA:55,5,1,0
BRDA:63,6,0,0
BRDA:63,6,1,0
BRDA:71,7,0,0
BRDA:71,7,1,0
BRDA:82,8,0,0
BRDA:82,8,1,0
BRDA:82,8,2,0
BRDA:137,9,0,0
BRDA:137,9,1,0
BRDA:144,10,0,0
BRDA:144,10,1,0
BRDA:154,11,0,0
BRDA:154,11,1,0
BRDA:163,12,0,0
BRDA:163,12,1,0
BRDA:168,13,0,0
BRDA:168,13,1,0
BRDA:201,14,0,0
BRDA:201,14,1,0
BRDA:208,15,0,0
BRDA:208,15,1,0
BRDA:253,16,0,0
BRDA:253,16,1,0
BRDA:261,17,0,0
BRDA:261,17,1,0
BRDA:290,18,0,0
BRDA:290,18,1,0
BRDA:304,19,0,0
BRDA:304,19,1,0
BRDA:306,20,0,0
BRDA:306,20,1,0
BRDA:311,21,0,0
BRDA:311,21,1,0
BRDA:313,22,0,0
BRDA:313,22,1,0
BRDA:314,23,0,0
BRDA:314,23,1,0
BRDA:324,24,0,0
BRDA:324,24,1,0
BRDA:324,25,0,0
BRDA:324,25,1,0
BRDA:330,26,0,0
BRDA:330,26,1,0
BRDA:362,27,0,0
BRDA:362,27,1,0
BRDA:395,28,0,0
BRDA:395,28,1,0
BRDA:399,29,0,0
BRDA:399,29,1,0
BRDA:405,30,0,0
BRDA:405,30,1,0
BRDA:413,31,0,0
BRDA:413,31,1,0
BRDA:417,32,0,0
BRDA:417,32,1,0
BRDA:418,33,0,0
BRDA:418,33,1,0
BRDA:427,34,0,0
BRDA:427,34,1,0
BRDA:447,35,0,0
BRDA:447,35,1,0
BRDA:455,36,0,0
BRDA:455,36,1,0
BRF:76
BRH:0
end_of_record
TN:
SF:controllers\upload.controller.js
FN:9,(anonymous_0)
FN:65,(anonymous_1)
FN:89,(anonymous_2)
FN:133,(anonymous_3)
FN:199,(anonymous_4)
FN:243,(anonymous_5)
FNF:6
FNH:0
FNDA:0,(anonymous_0)
FNDA:0,(anonymous_1)
FNDA:0,(anonymous_2)
FNDA:0,(anonymous_3)
FNDA:0,(anonymous_4)
FNDA:0,(anonymous_5)
DA:9,3
DA:10,0
DA:11,0
DA:12,0
DA:14,0
DA:15,0
DA:22,0
DA:25,0
DA:27,0
DA:28,0
DA:36,0
DA:42,0
DA:54,0
DA:55,0
DA:65,3
DA:66,0
DA:67,0
DA:68,0
DA:69,0
DA:71,0
DA:72,0
DA:79,0
DA:80,0
DA:81,0
DA:88,0
DA:89,0
DA:91,0
DA:92,0
DA:99,0
DA:102,0
DA:104,0
DA:105,0
DA:113,0
DA:114,0
DA:116,0
DA:122,0
DA:123,0
DA:133,3
DA:134,0
DA:135,0
DA:136,0
DA:137,0
DA:139,0
DA:140,0
DA:147,0
DA:148,0
DA:149,0
DA:156,0
DA:157,0
DA:158,0
DA:165,0
DA:168,0
DA:170,0
DA:171,0
DA:179,0
DA:180,0
DA:182,0
DA:188,0
DA:189,0
DA:199,3
DA:200,0
DA:201,0
DA:202,0
DA:204,0
DA:205,0
DA:212,0
DA:215,0
DA:217,0
DA:218,0
DA:225,0
DA:232,0
DA:233,0
DA:243,3
DA:244,0
DA:245,0
DA:247,0
DA:248,0
DA:254,0
DA:256,0
DA:257,0
DA:263,0
DA:268,0
DA:269,0
LF:83
LH:5
BRDA:14,0,0,0
BRDA:14,0,1,0
BRDA:27,1,0,0
BRDA:27,1,1,0
BRDA:71,2,0,0
BRDA:71,2,1,0
BRDA:80,3,0,0
BRDA:80,3,1,0
BRDA:91,4,0,0
BRDA:91,4,1,0
BRDA:91,5,0,0
BRDA:91,5,1,0
BRDA:104,6,0,0
BRDA:104,6,1,0
BRDA:139,7,0,0
BRDA:139,7,1,0
BRDA:148,8,0,0
BRDA:148,8,1,0
BRDA:157,9,0,0
BRDA:157,9,1,0
BRDA:170,10,0,0
BRDA:170,10,1,0
BRDA:204,11,0,0
BRDA:204,11,1,0
BRDA:215,12,0,0
BRDA:215,12,1,0
BRDA:217,13,0,0
BRDA:217,13,1,0
BRDA:247,14,0,0
BRDA:247,14,1,0
BRDA:256,15,0,0
BRDA:256,15,1,0
BRF:32
BRH:0
end_of_record
TN:
SF:controllers\user.controller.js
FN:12,(anonymous_0)
FN:17,(anonymous_1)
FN:24,(anonymous_2)
FN:126,(anonymous_3)
FN:288,(anonymous_4)
FN:306,(anonymous_5)
FN:392,(anonymous_6)
FN:431,(anonymous_7)
FN:461,(anonymous_8)
FN:470,(anonymous_9)
FN:476,(anonymous_10)
FN:482,(anonymous_11)
FN:583,(anonymous_12)
FN:608,(anonymous_13)
FN:668,(anonymous_14)
FN:725,(anonymous_15)
FN:755,(anonymous_16)
FN:808,(anonymous_17)
FN:897,(anonymous_18)
FN:898,(anonymous_19)
FNF:20
FNH:4
FNDA:18,(anonymous_0)
FNDA:18,(anonymous_1)
FNDA:18,(anonymous_2)
FNDA:3,(anonymous_3)
FNDA:0,(anonymous_4)
FNDA:0,(anonymous_5)
FNDA:0,(anonymous_6)
FNDA:0,(anonymous_7)
FNDA:0,(anonymous_8)
FNDA:0,(anonymous_9)
FNDA:0,(anonymous_10)
FNDA:0,(anonymous_11)
FNDA:0,(anonymous_12)
FNDA:0,(anonymous_13)
FNDA:0,(anonymous_14)
FNDA:0,(anonymous_15)
FNDA:0,(anonymous_16)
FNDA:0,(anonymous_17)
FNDA:0,(anonymous_18)
FNDA:0,(anonymous_19)
DA:12,3
DA:13,18
DA:17,18
DA:24,3
DA:25,18
DA:26,18
DA:28,18
DA:29,0
DA:36,18
DA:37,18
DA:38,1
DA:45,17
DA:46,17
DA:47,0
DA:53,17
DA:56,17
DA:57,0
DA:58,0
DA:59,0
DA:63,0
DA:66,17
DA:68,17
DA:82,17
DA:85,17
DA:86,17
DA:87,11
DA:88,11
DA:89,11
DA:91,0
DA:96,17
DA:107,17
DA:118,0
DA:119,0
DA:126,3
DA:127,3
DA:128,3
DA:130,3
DA:132,3
DA:133,0
DA:139,3
DA:141,3
DA:150,3
DA:151,1
DA:157,2
DA:164,2
DA:165,2
DA:167,2
DA:169,1
DA:170,1
DA:171,1
DA:174,1
DA:175,0
DA:182,1
DA:189,1
DA:190,0
DA:191,0
DA:192,0
DA:201,1
DA:202,0
DA:210,1
DA:211,0
DA:220,1
DA:221,0
DA:230,1
DA:231,0
DA:232,0
DA:234,0
DA:235,0
DA:246,1
DA:247,1
DA:248,1
DA:249,1
DA:251,1
DA:253,1
DA:268,1
DA:280,0
DA:281,0
DA:288,3
DA:289,0
DA:290,0
DA:297,0
DA:298,0
DA:306,3
DA:307,0
DA:308,0
DA:310,0
DA:313,0
DA:314,0
DA:320,0
DA:321,0
DA:327,0
DA:328,0
DA:335,0
DA:336,0
DA:337,0
DA:344,0
DA:345,0
DA:352,0
DA:353,0
DA:354,0
DA:355,0
DA:356,0
DA:358,0
DA:361,0
DA:363,0
DA:374,0
DA:383,0
DA:384,0
DA:392,3
DA:393,0
DA:394,0
DA:396,0
DA:397,0
DA:403,0
DA:404,0
DA:405,0
DA:412,0
DA:413,0
DA:414,0
DA:416,0
DA:418,0
DA:423,0
DA:424,0
DA:431,3
DA:432,0
DA:433,0
DA:435,0
DA:436,0
DA:437,0
DA:438,0
DA:444,0
DA:445,0
DA:446,0
DA:447,0
DA:449,0
DA:450,0
DA:458,0
DA:459,0
DA:460,0
DA:461,0
DA:463,0
DA:464,0
DA:465,0
DA:466,0
DA:467,0
DA:468,0
DA:469,0
DA:470,0
DA:474,0
DA:476,0
DA:480,0
DA:482,0
DA:488,0
DA:489,0
DA:491,0
DA:492,0
DA:498,0
DA:499,0
DA:503,0
DA:504,0
DA:505,0
DA:506,0
DA:514,0
DA:515,0
DA:516,0
DA:517,0
DA:525,0
DA:526,0
DA:527,0
DA:528,0
DA:529,0
DA:530,0
DA:532,0
DA:533,0
DA:534,0
DA:535,0
DA:536,0
DA:537,0
DA:539,0
DA:542,0
DA:551,0
DA:552,0
DA:553,0
DA:556,0
DA:557,0
DA:559,0
DA:568,0
DA:574,0
DA:575,0
DA:583,3
DA:584,0
DA:585,0
DA:587,0
DA:588,0
DA:594,0
DA:599,0
DA:600,0
DA:608,3
DA:609,0
DA:610,0
DA:611,0
DA:613,0
DA:614,0
DA:620,0
DA:621,0
DA:627,0
DA:628,0
DA:629,0
DA:635,0
DA:636,0
DA:637,0
DA:643,0
DA:644,0
DA:650,0
DA:651,0
DA:652,0
DA:654,0
DA:659,0
DA:660,0
DA:668,3
DA:669,0
DA:670,0
DA:671,0
DA:673,0
DA:674,0
DA:680,0
DA:681,0
DA:682,0
DA:688,0
DA:689,0
DA:690,0
DA:697,0
DA:699,0
DA:700,0
DA:701,0
DA:703,0
DA:707,0
DA:709,0
DA:716,0
DA:717,0
DA:725,3
DA:726,0
DA:727,0
DA:728,0
DA:730,0
DA:731,0
DA:737,0
DA:739,0
DA:746,0
DA:747,0
DA:755,3
DA:756,0
DA:757,0
DA:758,0
DA:764,0
DA:765,0
DA:767,0
DA:768,0
DA:775,0
DA:776,0
DA:777,0
DA:778,0
DA:780,0
DA:784,0
DA:785,0
DA:790,0
DA:791,0
DA:793,0
DA:799,0
DA:800,0
DA:808,3
DA:809,0
DA:810,0
DA:812,0
DA:813,0
DA:820,0
DA:827,0
DA:828,0
DA:830,0
DA:833,0
DA:834,0
DA:842,0
DA:843,0
DA:845,0
DA:846,0
DA:849,0
DA:850,0
DA:853,0
DA:854,0
DA:856,0
DA:859,0
DA:863,0
DA:864,0
DA:866,0
DA:869,0
DA:870,0
DA:873,0
DA:892,0
DA:893,0
DA:894,0
DA:895,0
DA:896,0
DA:897,0
DA:898,0
DA:901,0
DA:907,0
DA:909,0
DA:923,0
DA:935,0
DA:936,0
LF:310
LH:64
BRDA:12,0,0,18
BRDA:17,1,0,18
BRDA:28,2,0,0
BRDA:28,2,1,18
BRDA:28,3,0,18
BRDA:28,3,1,18
BRDA:28,3,2,18
BRDA:28,3,3,18
BRDA:28,3,4,18
BRDA:37,4,0,1
BRDA:37,4,1,17
BRDA:46,5,0,0
BRDA:46,5,1,17
BRDA:56,6,0,0
BRDA:56,6,1,17
BRDA:86,7,0,11
BRDA:86,7,1,6
BRDA:110,8,0,11
BRDA:110,8,1,6
BRDA:132,9,0,0
BRDA:132,9,1,3
BRDA:132,10,0,3
BRDA:132,10,1,3
BRDA:132,10,2,3
BRDA:141,11,0,2
BRDA:141,11,1,1
BRDA:150,12,0,1
BRDA:150,12,1,2
BRDA:167,13,0,1
BRDA:167,13,1,1
BRDA:169,14,0,1
BRDA:169,14,1,1
BRDA:174,15,0,0
BRDA:174,15,1,1
BRDA:189,16,0,0
BRDA:189,16,1,1
BRDA:189,17,0,1
BRDA:189,17,1,0
BRDA:191,18,0,0
BRDA:191,18,1,0
BRDA:201,19,0,0
BRDA:201,19,1,1
BRDA:210,20,0,0
BRDA:210,20,1,1
BRDA:210,21,0,1
BRDA:210,21,1,1
BRDA:220,22,0,0
BRDA:220,22,1,1
BRDA:230,23,0,0
BRDA:230,23,1,1
BRDA:230,24,0,1
BRDA:230,24,1,1
BRDA:230,24,2,0
BRDA:234,25,0,0
BRDA:234,25,1,0
BRDA:234,26,0,0
BRDA:234,26,1,0
BRDA:261,27,0,1
BRDA:261,27,1,1
BRDA:271,28,0,0
BRDA:271,28,1,1
BRDA:277,29,0,1
BRDA:277,29,1,1
BRDA:313,30,0,0
BRDA:313,30,1,0
BRDA:313,31,0,0
BRDA:313,31,1,0
BRDA:313,31,2,0
BRDA:320,32,0,0
BRDA:320,32,1,0
BRDA:327,33,0,0
BRDA:327,33,1,0
BRDA:336,34,0,0
BRDA:336,34,1,0
BRDA:344,35,0,0
BRDA:344,35,1,0
BRDA:396,36,0,0
BRDA:396,36,1,0
BRDA:404,37,0,0
BRDA:404,37,1,0
BRDA:436,38,0,0
BRDA:436,38,1,0
BRDA:437,39,0,0
BRDA:437,39,1,0
BRDA:458,40,0,0
BRDA:458,40,1,0
BRDA:458,41,0,0
BRDA:458,41,1,0
BRDA:459,42,0,0
BRDA:459,42,1,0
BRDA:463,43,0,0
BRDA:463,43,1,0
BRDA:465,44,0,0
BRDA:465,44,1,0
BRDA:465,45,0,0
BRDA:465,45,1,0
BRDA:468,46,0,0
BRDA:468,46,1,0
BRDA:491,47,0,0
BRDA:491,47,1,0
BRDA:498,48,0,0
BRDA:498,48,1,0
BRDA:503,49,0,0
BRDA:503,49,1,0
BRDA:503,50,0,0
BRDA:503,50,1,0
BRDA:505,51,0,0
BRDA:505,51,1,0
BRDA:514,52,0,0
BRDA:514,52,1,0
BRDA:514,53,0,0
BRDA:514,53,1,0
BRDA:516,54,0,0
BRDA:516,54,1,0
BRDA:525,55,0,0
BRDA:525,55,1,0
BRDA:526,56,0,0
BRDA:526,56,1,0
BRDA:527,57,0,0
BRDA:527,57,1,0
BRDA:528,58,0,0
BRDA:528,58,1,0
BRDA:529,59,0,0
BRDA:529,59,1,0
BRDA:530,60,0,0
BRDA:530,60,1,0
BRDA:532,61,0,0
BRDA:532,61,1,0
BRDA:533,62,0,0
BRDA:533,62,1,0
BRDA:534,63,0,0
BRDA:534,63,1,0
BRDA:535,64,0,0
BRDA:535,64,1,0
BRDA:543,65,0,0
BRDA:543,65,1,0
BRDA:544,66,0,0
BRDA:544,66,1,0
BRDA:545,67,0,0
BRDA:545,67,1,0
BRDA:546,68,0,0
BRDA:546,68,1,0
BRDA:546,68,2,0
BRDA:551,69,0,0
BRDA:551,69,1,0
BRDA:587,70,0,0
BRDA:587,70,1,0
BRDA:613,71,0,0
BRDA:613,71,1,0
BRDA:613,72,0,0
BRDA:613,72,1,0
BRDA:620,73,0,0
BRDA:620,73,1,0
BRDA:628,74,0,0
BRDA:628,74,1,0
BRDA:636,75,0,0
BRDA:636,75,1,0
BRDA:643,76,0,0
BRDA:643,76,1,0
BRDA:673,77,0,0
BRDA:673,77,1,0
BRDA:681,78,0,0
BRDA:681,78,1,0
BRDA:689,79,0,0
BRDA:689,79,1,0
BRDA:697,80,0,0
BRDA:697,80,1,0
BRDA:730,81,0,0
BRDA:730,81,1,0
BRDA:757,82,0,0
BRDA:757,82,1,0
BRDA:767,83,0,0
BRDA:767,83,1,0
BRDA:775,84,0,0
BRDA:775,84,1,0
BRDA:812,85,0,0
BRDA:812,85,1,0
BRDA:812,86,0,0
BRDA:812,86,1,0
BRDA:830,87,0,0
BRDA:830,87,1,0
BRDA:833,88,0,0
BRDA:833,88,1,0
BRDA:833,89,0,0
BRDA:833,89,1,0
BRDA:833,89,2,0
BRDA:845,90,0,0
BRDA:845,90,1,0
BRDA:845,91,0,0
BRDA:845,91,1,0
BRDA:849,92,0,0
BRDA:849,92,1,0
BRDA:849,93,0,0
BRDA:849,93,1,0
BRDA:854,94,0,0
BRDA:854,94,1,0
BRDA:854,94,2,0
BRDA:864,95,0,0
BRDA:864,95,1,0
BRDA:869,96,0,0
BRDA:869,96,1,0
BRDA:876,97,0,0
BRDA:876,97,1,0
BRDA:878,98,0,0
BRDA:878,98,1,0
BRDA:880,99,0,0
BRDA:880,99,1,0
BRDA:886,100,0,0
BRDA:886,100,1,0
BRDA:892,101,0,0
BRDA:892,101,1,0
BRDA:892,102,0,0
BRDA:892,102,1,0
BRDA:895,103,0,0
BRDA:895,103,1,0
BRDA:896,104,0,0
BRDA:896,104,1,0
BRDA:926,105,0,0
BRDA:926,105,1,0
BRDA:931,106,0,0
BRDA:931,106,1,0
BRF:221
BRH:44
end_of_record
TN:
SF:middlewares\cacheMiddleware.js
FN:15,(anonymous_0)
FN:16,(anonymous_1)
FN:48,(anonymous_2)
FN:74,(anonymous_3)
FN:75,(anonymous_4)
FN:77,(anonymous_5)
FN:94,(anonymous_6)
FN:107,(anonymous_7)
FN:120,(anonymous_8)
FN:122,(anonymous_9)
FNF:10
FNH:5
FNDA:12,(anonymous_0)
FNDA:1,(anonymous_1)
FNDA:0,(anonymous_2)
FNDA:6,(anonymous_3)
FNDA:1,(anonymous_4)
FNDA:1,(anonymous_5)
FNDA:0,(anonymous_6)
FNDA:0,(anonymous_7)
FNDA:0,(anonymous_8)
FNDA:0,(anonymous_9)
DA:15,3
DA:16,12
DA:18,1
DA:19,0
DA:22,1
DA:23,1
DA:27,0
DA:28,0
DA:30,0
DA:32,0
DA:34,0
DA:35,0
DA:36,0
DA:43,0
DA:46,0
DA:48,0
DA:50,0
DA:51,0
DA:55,0
DA:56,0
DA:58,0
DA:61,0
DA:63,0
DA:64,0
DA:74,3
DA:75,6
DA:77,1
DA:78,1
DA:79,1
DA:80,1
DA:81,0
DA:85,1
DA:92,3
DA:93,3
DA:94,3
DA:99,3
DA:100,3
DA:101,3
DA:102,3
DA:107,3
DA:108,0
DA:109,0
DA:115,0
DA:116,0
DA:117,0
DA:120,0
DA:121,0
DA:122,0
DA:123,0
DA:124,0
DA:125,0
DA:128,0
DA:131,0
DA:132,0
DA:134,0
DA:147,0
DA:149,0
LF:57
LH:20
BRDA:15,0,0,0
BRDA:18,1,0,0
BRDA:18,1,1,1
BRDA:22,2,0,1
BRDA:22,2,1,0
BRDA:34,3,0,0
BRDA:34,3,1,0
BRDA:50,4,0,0
BRDA:50,4,1,0
BRDA:50,5,0,0
BRDA:50,5,1,0
BRDA:78,6,0,1
BRDA:78,6,1,0
BRDA:78,7,0,1
BRDA:78,7,1,1
BRDA:80,8,0,0
BRDA:80,8,1,1
BRDA:115,9,0,0
BRDA:115,9,1,0
BRDA:124,10,0,0
BRDA:124,10,1,0
BRDA:124,11,0,0
BRDA:124,11,1,0
BRDA:139,12,0,0
BRDA:139,12,1,0
BRDA:139,13,0,0
BRDA:139,13,1,0
BRF:27
BRH:6
end_of_record
TN:
SF:middlewares\isAuthenticated.js
FN:3,(anonymous_0)
FN:64,(anonymous_1)
FN:97,(anonymous_2)
FN:129,(anonymous_3)
FN:161,(anonymous_4)
FN:193,(anonymous_5)
FN:194,(anonymous_6)
FN:272,(anonymous_7)
FN:273,(anonymous_8)
FN:340,(anonymous_9)
FN:370,(anonymous_10)
FNF:11
FNH:5
FNDA:7,(anonymous_0)
FNDA:0,(anonymous_1)
FNDA:2,(anonymous_2)
FNDA:0,(anonymous_3)
FNDA:0,(anonymous_4)
FNDA:3,(anonymous_5)
FNDA:0,(anonymous_6)
FNDA:3,(anonymous_7)
FNDA:0,(anonymous_8)
FNDA:30,(anonymous_9)
FNDA:0,(anonymous_10)
DA:3,4
DA:4,7
DA:6,7
DA:9,7
DA:10,0
DA:11,0
DA:12,0
DA:16,7
DA:17,0
DA:24,7
DA:25,7
DA:26,7
DA:27,0
DA:33,7
DA:34,7
DA:35,7
DA:37,0
DA:38,0
DA:44,0
DA:45,0
DA:51,0
DA:54,0
DA:55,0
DA:64,4
DA:65,0
DA:66,0
DA:67,0
DA:69,0
DA:70,0
DA:77,0
DA:78,0
DA:85,0
DA:86,0
DA:88,0
DA:89,0
DA:97,4
DA:98,2
DA:99,2
DA:100,2
DA:102,2
DA:103,0
DA:109,2
DA:110,1
DA:117,1
DA:118,1
DA:120,0
DA:121,0
DA:129,4
DA:130,0
DA:131,0
DA:132,0
DA:134,0
DA:135,0
DA:141,0
DA:142,0
DA:149,0
DA:150,0
DA:152,0
DA:153,0
DA:161,4
DA:162,0
DA:163,0
DA:164,0
DA:166,0
DA:167,0
DA:173,0
DA:174,0
DA:181,0
DA:182,0
DA:184,0
DA:185,0
DA:193,4
DA:194,3
DA:195,0
DA:196,0
DA:197,0
DA:199,0
DA:201,0
DA:202,0
DA:209,0
DA:210,0
DA:211,0
DA:215,0
DA:216,0
DA:217,0
DA:221,0
DA:222,0
DA:228,0
DA:230,0
DA:231,0
DA:238,0
DA:239,0
DA:248,0
DA:249,0
DA:258,0
DA:259,0
DA:260,0
DA:262,0
DA:263,0
DA:272,4
DA:273,3
DA:274,0
DA:275,0
DA:276,0
DA:278,0
DA:280,0
DA:281,0
DA:287,0
DA:289,0
DA:290,0
DA:296,0
DA:298,0
DA:299,0
DA:308,0
DA:310,0
DA:311,0
DA:319,0
DA:322,0
DA:323,0
DA:324,0
DA:326,0
DA:327,0
DA:336,4
DA:337,4
DA:338,4
DA:340,4
DA:341,30
DA:342,30
DA:344,30
DA:345,3
DA:346,3
DA:349,27
DA:351,27
DA:353,0
DA:354,0
DA:357,27
DA:358,0
DA:365,27
DA:366,27
DA:370,4
DA:371,0
DA:372,0
DA:373,0
DA:376,0
DA:377,0
DA:379,0
DA:380,0
DA:382,0
DA:383,0
DA:384,0
DA:385,0
DA:389,0
DA:391,0
DA:392,0
LF:154
LH:42
BRDA:9,0,0,0
BRDA:9,0,1,7
BRDA:9,1,0,7
BRDA:9,1,1,0
BRDA:11,2,0,0
BRDA:11,2,1,0
BRDA:16,3,0,0
BRDA:16,3,1,7
BRDA:26,4,0,0
BRDA:26,4,1,7
BRDA:26,5,0,7
BRDA:26,5,1,7
BRDA:37,6,0,0
BRDA:37,6,1,0
BRDA:44,7,0,0
BRDA:44,7,1,0
BRDA:69,8,0,0
BRDA:69,8,1,0
BRDA:77,9,0,0
BRDA:77,9,1,0
BRDA:102,10,0,0
BRDA:102,10,1,2
BRDA:109,11,0,1
BRDA:109,11,1,1
BRDA:134,12,0,0
BRDA:134,12,1,0
BRDA:141,13,0,0
BRDA:141,13,1,0
BRDA:166,14,0,0
BRDA:166,14,1,0
BRDA:173,15,0,0
BRDA:173,15,1,0
BRDA:201,16,0,0
BRDA:201,16,1,0
BRDA:209,17,0,0
BRDA:209,17,1,0
BRDA:215,18,0,0
BRDA:215,18,1,0
BRDA:221,19,0,0
BRDA:221,19,1,0
BRDA:230,20,0,0
BRDA:230,20,1,0
BRDA:238,21,0,0
BRDA:238,21,1,0
BRDA:248,22,0,0
BRDA:248,22,1,0
BRDA:280,23,0,0
BRDA:280,23,1,0
BRDA:280,24,0,0
BRDA:280,24,1,0
BRDA:289,25,0,0
BRDA:289,25,1,0
BRDA:296,26,0,0
BRDA:296,26,1,0
BRDA:298,27,0,0
BRDA:298,27,1,0
BRDA:310,28,0,0
BRDA:310,28,1,0
BRDA:341,29,0,30
BRDA:341,29,1,0
BRDA:344,30,0,3
BRDA:344,30,1,27
BRDA:351,31,0,0
BRDA:351,31,1,27
BRDA:357,32,0,0
BRDA:357,32,1,27
BRDA:372,33,0,0
BRDA:372,33,1,0
BRDA:379,34,0,0
BRDA:379,34,1,0
BRDA:382,35,0,0
BRDA:382,35,1,0
BRF:72
BRH:14
end_of_record
TN:
SF:middlewares\mutler.js
FNF:0
FNH:0
DA:3,3
DA:4,3
LF:2
LH:2
BRF:0
BRH:0
end_of_record
TN:
SF:middlewares\rateLimiters.js
FN:19,(anonymous_0)
FN:23,(anonymous_1)
FN:54,(anonymous_2)
FN:64,(anonymous_3)
FN:95,(anonymous_4)
FN:96,(anonymous_5)
FN:116,(anonymous_6)
FN:121,(anonymous_7)
FN:138,(anonymous_8)
FN:155,(anonymous_9)
FN:172,(anonymous_10)
FN:189,(anonymous_11)
FN:206,(anonymous_12)
FN:223,(anonymous_13)
FN:240,(anonymous_14)
FN:241,(anonymous_15)
FN:254,(anonymous_16)
FN:265,(anonymous_17)
FNF:18
FNH:4
FNDA:0,(anonymous_0)
FNDA:0,(anonymous_1)
FNDA:0,(anonymous_2)
FNDA:0,(anonymous_3)
FNDA:0,(anonymous_4)
FNDA:0,(anonymous_5)
FNDA:0,(anonymous_6)
FNDA:22,(anonymous_7)
FNDA:0,(anonymous_8)
FNDA:0,(anonymous_9)
FNDA:0,(anonymous_10)
FNDA:1,(anonymous_11)
FNDA:4,(anonymous_12)
FNDA:1,(anonymous_13)
FNDA:0,(anonymous_14)
FNDA:0,(anonymous_15)
FNDA:0,(anonymous_16)
FNDA:0,(anonymous_17)
DA:20,0
DA:24,0
DA:25,0
DA:28,0
DA:30,0
DA:31,0
DA:32,0
DA:33,0
DA:35,0
DA:36,0
DA:37,0
DA:40,0
DA:41,0
DA:44,0
DA:49,0
DA:50,0
DA:55,0
DA:57,0
DA:58,0
DA:60,0
DA:65,0
DA:67,0
DA:68,0
DA:70,0
DA:79,4
DA:89,4
DA:95,0
DA:98,0
DA:106,4
DA:118,0
DA:119,0
DA:121,22
DA:128,4
DA:138,0
DA:145,4
DA:155,0
DA:162,4
DA:172,0
DA:179,4
DA:189,1
DA:196,4
DA:206,4
DA:213,4
DA:223,1
DA:230,4
DA:240,0
DA:241,0
DA:254,4
DA:255,0
DA:265,0
LF:50
LH:15
BRDA:19,0,0,0
BRDA:24,1,0,0
BRDA:24,1,1,0
BRDA:40,2,0,0
BRDA:40,2,1,0
BRDA:46,3,0,0
BRDA:46,3,1,0
BRDA:55,4,0,0
BRDA:55,4,1,0
BRDA:65,5,0,0
BRDA:65,5,1,0
BRDA:95,6,0,0
BRDA:95,6,1,0
BRDA:95,6,2,0
BRDA:98,7,0,0
BRDA:98,7,1,0
BRDA:98,7,2,0
BRDA:118,8,0,0
BRDA:118,8,1,0
BRDA:240,9,0,0
BRDA:240,9,1,0
BRDA:254,10,0,0
BRDA:258,11,0,0
BRDA:258,11,1,0
BRF:24
BRH:0
end_of_record
TN:
SF:middlewares\validation.js
FN:10,(anonymous_0)
FN:14,(anonymous_1)
FN:24,(anonymous_2)
FN:31,(anonymous_3)
FN:43,(anonymous_4)
FN:100,(anonymous_5)
FN:133,(anonymous_6)
FN:182,(anonymous_7)
FNF:8
FNH:7
FNDA:21,(anonymous_0)
FNDA:18,(anonymous_1)
FNDA:18,(anonymous_2)
FNDA:21,(anonymous_3)
FNDA:19,(anonymous_4)
FNDA:3,(anonymous_5)
FNDA:1,(anonymous_6)
FNDA:0,(anonymous_7)
DA:4,3
DA:7,3
DA:10,3
DA:11,21
DA:14,3
DA:15,18
DA:16,18
DA:17,18
DA:18,18
DA:19,18
DA:20,18
DA:21,18
DA:24,3
DA:26,18
DA:27,18
DA:31,3
DA:32,21
DA:33,21
DA:43,3
DA:44,19
DA:45,19
DA:48,19
DA:49,1
DA:51,19
DA:52,0
DA:56,19
DA:57,1
DA:58,18
DA:59,0
DA:63,19
DA:64,1
DA:65,18
DA:66,0
DA:70,19
DA:71,1
DA:73,18
DA:74,18
DA:78,19
DA:79,1
DA:80,18
DA:81,0
DA:84,19
DA:85,1
DA:93,18
DA:94,18
DA:96,18
DA:100,3
DA:101,3
DA:102,3
DA:104,3
DA:105,0
DA:106,3
DA:107,0
DA:110,3
DA:111,0
DA:114,3
DA:115,0
DA:116,3
DA:117,0
DA:120,3
DA:121,0
DA:128,3
DA:129,3
DA:133,3
DA:134,1
DA:135,1
DA:137,1
DA:138,0
DA:140,1
DA:141,0
DA:143,1
DA:144,0
DA:146,1
DA:147,0
DA:149,1
DA:150,0
DA:152,1
DA:153,0
DA:155,1
DA:156,0
DA:158,1
DA:159,0
DA:161,1
DA:162,0
DA:165,1
DA:166,0
DA:174,1
DA:175,1
DA:176,1
DA:178,1
DA:182,3
DA:183,0
DA:184,0
DA:186,0
DA:187,0
DA:190,0
DA:191,0
DA:194,0
DA:195,0
DA:198,0
DA:199,0
DA:207,0
DA:208,0
DA:210,0
LF:104
LH:71
BRDA:16,0,0,0
BRDA:16,0,1,18
BRDA:17,1,0,0
BRDA:17,1,1,18
BRDA:18,2,0,0
BRDA:18,2,1,18
BRDA:19,3,0,0
BRDA:19,3,1,18
BRDA:20,4,0,0
BRDA:20,4,1,18
BRDA:32,5,0,0
BRDA:32,5,1,21
BRDA:48,6,0,1
BRDA:48,6,1,18
BRDA:48,7,0,19
BRDA:48,7,1,18
BRDA:51,8,0,0
BRDA:51,8,1,19
BRDA:51,9,0,19
BRDA:51,9,1,18
BRDA:56,10,0,1
BRDA:56,10,1,18
BRDA:58,11,0,0
BRDA:58,11,1,18
BRDA:63,12,0,1
BRDA:63,12,1,18
BRDA:65,13,0,0
BRDA:65,13,1,18
BRDA:70,14,0,1
BRDA:70,14,1,18
BRDA:78,15,0,1
BRDA:78,15,1,18
BRDA:80,16,0,0
BRDA:80,16,1,18
BRDA:84,17,0,1
BRDA:84,17,1,18
BRDA:104,18,0,0
BRDA:104,18,1,3
BRDA:106,19,0,0
BRDA:106,19,1,3
BRDA:110,20,0,0
BRDA:110,20,1,3
BRDA:114,21,0,0
BRDA:114,21,1,3
BRDA:116,22,0,0
BRDA:116,22,1,3
BRDA:120,23,0,0
BRDA:120,23,1,3
BRDA:137,24,0,0
BRDA:137,24,1,1
BRDA:137,25,0,1
BRDA:137,25,1,1
BRDA:140,26,0,0
BRDA:140,26,1,1
BRDA:140,27,0,1
BRDA:140,27,1,1
BRDA:143,28,0,0
BRDA:143,28,1,1
BRDA:146,29,0,0
BRDA:146,29,1,1
BRDA:146,30,0,1
BRDA:146,30,1,1
BRDA:146,30,2,1
BRDA:149,31,0,0
BRDA:149,31,1,1
BRDA:149,32,0,1
BRDA:149,32,1,1
BRDA:152,33,0,0
BRDA:152,33,1,1
BRDA:155,34,0,0
BRDA:155,34,1,1
BRDA:155,35,0,1
BRDA:155,35,1,1
BRDA:158,36,0,0
BRDA:158,36,1,1
BRDA:158,37,0,1
BRDA:158,37,1,1
BRDA:158,37,2,1
BRDA:161,38,0,0
BRDA:161,38,1,1
BRDA:165,39,0,0
BRDA:165,39,1,1
BRDA:186,40,0,0
BRDA:186,40,1,0
BRDA:186,41,0,0
BRDA:186,41,1,0
BRDA:190,42,0,0
BRDA:190,42,1,0
BRDA:190,43,0,0
BRDA:190,43,1,0
BRDA:194,44,0,0
BRDA:194,44,1,0
BRDA:194,45,0,0
BRDA:194,45,1,0
BRDA:198,46,0,0
BRDA:198,46,1,0
BRDA:207,47,0,0
BRDA:207,47,1,0
BRDA:208,48,0,0
BRDA:208,48,1,0
BRF:100
BRH:56
end_of_record
TN:
SF:middlewares\validation.schemas.js
FN:215,(anonymous_0)
FN:216,(anonymous_1)
FN:223,(anonymous_2)
FNF:3
FNH:0
FNDA:0,(anonymous_0)
FNDA:0,(anonymous_1)
FNDA:0,(anonymous_2)
DA:9,1
DA:10,1
DA:11,1
DA:12,1
DA:13,1
DA:17,1
DA:27,1
DA:33,1
DA:43,1
DA:47,1
DA:54,1
DA:64,1
DA:89,1
DA:114,1
DA:130,1
DA:136,1
DA:162,1
DA:172,1
DA:185,1
DA:192,1
DA:201,1
DA:206,1
DA:215,1
DA:216,0
DA:217,0
DA:222,0
DA:223,0
DA:228,0
DA:237,0
DA:238,0
LF:30
LH:23
BRDA:215,0,0,0
BRDA:222,1,0,0
BRDA:222,1,1,0
BRF:3
BRH:0
end_of_record
TN:
SF:models\ResumeAnalysis.js
FNF:0
FNH:0
DA:3,4
DA:42,4
LF:2
LH:2
BRF:0
BRH:0
end_of_record
TN:
SF:models\application.model.js
FN:278,(anonymous_0)
FN:284,(anonymous_1)
FN:295,(anonymous_2)
FN:305,(anonymous_3)
FNF:4
FNH:2
FNDA:4,(anonymous_0)
FNDA:0,(anonymous_1)
FNDA:0,(anonymous_2)
FNDA:3,(anonymous_3)
DA:3,3
DA:272,3
DA:273,3
DA:274,3
DA:275,3
DA:278,3
DA:279,4
DA:280,4
DA:284,3
DA:285,0
DA:291,0
DA:295,3
DA:296,0
DA:305,3
DA:306,3
DA:309,3
DA:313,3
DA:314,3
DA:316,3
LF:19
LH:16
BRDA:284,0,0,0
BRDA:295,1,0,0
BRDA:306,2,0,0
BRDA:306,2,1,3
BRDA:306,3,0,3
BRDA:306,3,1,0
BRF:6
BRH:2
end_of_record
TN:
SF:models\auditLog.model.js
FN:132,(anonymous_0)
FN:140,(anonymous_1)
FN:148,(anonymous_2)
FN:160,(anonymous_3)
FNF:4
FNH:0
FNDA:0,(anonymous_0)
FNDA:0,(anonymous_1)
FNDA:0,(anonymous_2)
FNDA:0,(anonymous_3)
DA:7,3
DA:124,3
DA:125,3
DA:126,3
DA:129,3
DA:132,3
DA:133,0
DA:140,3
DA:141,0
DA:148,3
DA:149,0
DA:150,0
DA:160,3
DA:161,0
DA:170,3
LF:15
LH:10
BRDA:132,0,0,0
BRDA:140,1,0,0
BRDA:148,2,0,0
BRDA:160,3,0,0
BRF:4
BRH:0
end_of_record
TN:
SF:models\company.model.js
FN:408,(anonymous_0)
FN:415,(anonymous_1)
FN:422,(anonymous_2)
FN:423,(anonymous_3)
FN:427,(anonymous_4)
FN:433,(anonymous_5)
FN:435,(anonymous_6)
FN:440,(anonymous_7)
FN:445,(anonymous_8)
FN:453,(anonymous_9)
FNF:10
FNH:4
FNDA:2,(anonymous_0)
FNDA:2,(anonymous_1)
FNDA:2,(anonymous_2)
FNDA:0,(anonymous_3)
FNDA:0,(anonymous_4)
FNDA:0,(anonymous_5)
FNDA:0,(anonymous_6)
FNDA:0,(anonymous_7)
FNDA:0,(anonymous_8)
FNDA:6,(anonymous_9)
DA:4,3
DA:70,3
DA:111,3
DA:149,3
DA:400,3
DA:401,3
DA:402,3
DA:403,3
DA:404,3
DA:405,3
DA:408,3
DA:409,2
DA:410,2
DA:411,2
DA:415,3
DA:416,2
DA:417,2
DA:418,2
DA:422,3
DA:423,2
DA:427,3
DA:428,0
DA:429,0
DA:433,3
DA:434,0
DA:435,0
DA:436,0
DA:440,3
DA:441,0
DA:445,3
DA:446,0
DA:447,0
DA:448,0
DA:453,3
DA:454,6
DA:455,0
DA:457,6
DA:461,3
DA:462,3
DA:464,3
LF:40
LH:30
BRDA:409,0,0,0
BRDA:409,0,1,2
BRDA:410,1,0,0
BRDA:410,1,1,2
BRDA:416,2,0,0
BRDA:416,2,1,2
BRDA:428,3,0,0
BRDA:428,3,1,0
BRDA:434,4,0,0
BRDA:434,4,1,0
BRDA:435,5,0,0
BRDA:435,5,1,0
BRDA:447,6,0,0
BRDA:447,6,1,0
BRDA:454,7,0,0
BRDA:454,7,1,6
BRDA:454,8,0,6
BRDA:454,8,1,6
BRF:18
BRH:6
end_of_record
TN:
SF:models\connection.model.js
FN:54,(anonymous_0)
FN:64,(anonymous_1)
FNF:2
FNH:0
FNDA:0,(anonymous_0)
FNDA:0,(anonymous_1)
DA:8,3
DA:50,3
DA:51,3
DA:54,3
DA:55,0
DA:64,3
DA:65,0
DA:73,3
LF:8
LH:6
BRDA:64,0,0,0
BRF:1
BRH:0
end_of_record
TN:
SF:models\emailTemplate.model.js
FN:65,(anonymous_0)
FN:195,(anonymous_1)
FN:205,(anonymous_2)
FN:210,(anonymous_3)
FNF:4
FNH:0
FNDA:0,(anonymous_0)
FNDA:0,(anonymous_1)
FNDA:0,(anonymous_2)
FNDA:0,(anonymous_3)
DA:8,3
DA:61,3
DA:62,3
DA:65,3
DA:66,0
DA:195,0
DA:201,0
DA:205,3
DA:206,0
DA:207,0
DA:210,0
DA:211,0
DA:212,0
DA:213,0
DA:216,0
DA:219,3
LF:16
LH:6
BRDA:212,0,0,0
BRDA:212,0,1,0
BRDA:213,1,0,0
BRDA:213,1,1,0
BRF:4
BRH:0
end_of_record
TN:
SF:models\interview.model.js
FN:443,(anonymous_0)
FN:450,(anonymous_1)
FN:451,(anonymous_2)
FN:452,(anonymous_3)
FN:457,(anonymous_4)
FN:470,(anonymous_5)
FN:478,(anonymous_6)
FN:486,(anonymous_7)
FN:507,(anonymous_8)
FNF:9
FNH:0
FNDA:0,(anonymous_0)
FNDA:0,(anonymous_1)
FNDA:0,(anonymous_2)
FNDA:0,(anonymous_3)
FNDA:0,(anonymous_4)
FNDA:0,(anonymous_5)
FNDA:0,(anonymous_6)
FNDA:0,(anonymous_7)
FNDA:0,(anonymous_8)
DA:4,3
DA:42,3
DA:87,3
DA:114,3
DA:432,3
DA:433,3
DA:434,3
DA:435,3
DA:436,3
DA:437,3
DA:438,3
DA:440,3
DA:443,3
DA:444,0
DA:445,0
DA:446,0
DA:450,3
DA:451,0
DA:452,0
DA:453,0
DA:457,3
DA:458,0
DA:459,0
DA:461,0
DA:462,0
DA:463,0
DA:465,0
DA:466,0
DA:470,3
DA:471,0
DA:472,0
DA:473,0
DA:474,0
DA:478,3
DA:479,0
DA:480,0
DA:482,0
DA:483,0
DA:484,0
DA:486,0
DA:487,0
DA:488,0
DA:489,0
DA:490,0
DA:491,0
DA:493,0
DA:494,0
DA:498,0
DA:499,0
DA:500,0
DA:501,0
DA:503,0
DA:507,3
DA:508,0
DA:509,0
DA:510,0
DA:511,0
DA:515,3
DA:516,3
DA:518,3
LF:60
LH:21
BRDA:444,0,0,0
BRDA:444,0,1,0
BRDA:445,1,0,0
BRDA:445,1,1,0
BRDA:451,2,0,0
BRDA:451,2,1,0
BRDA:451,3,0,0
BRDA:451,3,1,0
BRDA:452,4,0,0
BRDA:452,4,1,0
BRDA:452,5,0,0
BRDA:452,5,1,0
BRDA:458,6,0,0
BRDA:458,6,1,0
BRDA:459,7,0,0
BRDA:459,7,1,0
BRDA:471,8,0,0
BRDA:471,8,1,0
BRDA:472,9,0,0
BRDA:472,9,1,0
BRDA:472,10,0,0
BRDA:472,10,1,0
BRDA:473,11,0,0
BRDA:473,11,1,0
BRDA:473,12,0,0
BRDA:473,12,1,0
BRDA:480,13,0,0
BRDA:480,13,1,0
BRDA:480,14,0,0
BRDA:480,14,1,0
BRDA:487,15,0,0
[...]
DA:141,0
DA:142,0
DA:144,0
DA:152,0
DA:153,0
DA:154,0
DA:157,0
DA:164,4
DA:165,0
DA:166,0
DA:168,0
DA:169,0
DA:171,0
DA:175,0
DA:176,0
DA:179,0
DA:185,0
DA:202,4
DA:203,0
DA:204,0
DA:205,0
DA:208,0
DA:209,0
DA:210,0
DA:212,0
DA:215,0
DA:233,0
DA:234,0
DA:241,4
DA:242,0
DA:243,0
DA:244,0
DA:247,0
DA:259,0
DA:260,0
DA:261,0
DA:263,0
DA:280,0
DA:282,0
DA:283,0
DA:284,0
DA:287,0
DA:288,0
DA:290,0
DA:292,0
DA:293,0
DA:294,0
DA:296,0
DA:297,0
DA:300,0
DA:301,0
DA:303,0
DA:305,0
DA:313,4
DA:314,0
DA:316,0
DA:318,0
DA:319,0
DA:320,0
DA:324,0
DA:325,0
DA:327,0
DA:328,0
DA:332,0
DA:333,0
DA:334,0
DA:335,0
DA:336,0
DA:340,0
DA:350,0
DA:351,0
DA:352,0
DA:356,0
DA:357,0
DA:358,0
DA:362,0
DA:363,0
DA:364,0
DA:368,0
DA:369,0
DA:370,0
DA:373,0
DA:379,0
DA:380,0
DA:381,0
DA:384,0
DA:385,0
DA:388,0
DA:389,0
DA:407,4
DA:408,0
DA:414,4
DA:415,0
DA:416,0
DA:418,0
DA:424,4
DA:433,4
DA:434,0
DA:435,0
DA:436,0
LF:129
LH:20
BRDA:24,0,0,0
BRDA:24,0,1,0
BRDA:35,1,0,0
BRDA:35,1,1,0
BRDA:111,2,0,0
BRDA:111,2,1,0
BRDA:123,3,0,0
BRDA:123,3,1,0
BRDA:132,4,0,0
BRDA:132,4,1,0
BRDA:141,5,0,0
BRDA:141,5,1,0
BRDA:153,6,0,0
BRDA:153,6,1,0
BRDA:171,7,0,0
BRDA:171,7,1,0
BRDA:182,8,0,0
BRDA:182,8,1,0
BRDA:191,9,0,0
BRDA:191,9,1,0
BRDA:193,10,0,0
BRDA:193,10,1,0
BRDA:193,11,0,0
BRDA:193,11,1,0
BRDA:193,12,0,0
BRDA:193,12,1,0
BRDA:203,13,0,0
BRDA:203,13,1,0
BRDA:210,14,0,0
BRDA:210,14,1,0
BRDA:210,15,0,0
BRDA:210,15,1,0
BRDA:210,16,0,0
BRDA:210,16,1,0
BRDA:217,17,0,0
BRDA:217,17,1,0
BRDA:217,17,2,0
BRDA:218,18,0,0
BRDA:218,18,1,0
BRDA:219,19,0,0
BRDA:219,19,1,0
BRDA:220,20,0,0
BRDA:220,20,1,0
BRDA:222,21,0,0
BRDA:222,21,1,0
BRDA:223,22,0,0
BRDA:223,22,1,0
BRDA:242,23,0,0
BRDA:242,23,1,0
BRDA:250,24,0,0
BRDA:250,24,1,0
BRDA:251,25,0,0
BRDA:251,25,1,0
BRDA:282,26,0,0
BRDA:282,26,1,0
BRDA:290,27,0,0
BRDA:290,27,1,0
BRDA:300,28,0,0
BRDA:300,28,1,0
BRDA:319,29,0,0
BRDA:319,29,1,0
BRDA:325,30,0,0
BRDA:325,30,1,0
BRDA:325,31,0,0
BRDA:325,31,1,0
BRDA:334,32,0,0
BRDA:334,32,1,0
BRDA:334,33,0,0
BRDA:334,33,1,0
BRDA:343,34,0,0
BRDA:343,34,1,0
BRDA:344,35,0,0
BRDA:344,35,1,0
BRDA:350,36,0,0
BRDA:350,36,1,0
BRDA:350,37,0,0
BRDA:350,37,1,0
BRDA:356,38,0,0
BRDA:356,38,1,0
BRDA:356,39,0,0
BRDA:356,39,1,0
BRDA:356,39,2,0
BRDA:362,40,0,0
BRDA:362,40,1,0
BRDA:379,41,0,0
BRDA:379,41,1,0
BRF:86
BRH:0
end_of_record
TN:
SF:utils\socketManager.js
FN:35,(anonymous_0)
FN:65,(anonymous_1)
FN:90,(anonymous_2)
FN:99,(anonymous_3)
FN:168,(anonymous_4)
FN:170,(anonymous_5)
FN:192,(anonymous_6)
FN:198,(anonymous_7)
FN:207,(anonymous_8)
FN:216,(anonymous_9)
FN:227,(anonymous_10)
FN:257,(anonymous_11)
FN:264,(anonymous_12)
FN:272,(anonymous_13)
FN:291,(anonymous_14)
FN:328,(anonymous_15)
FN:334,(anonymous_16)
FN:347,(anonymous_17)
FN:349,(anonymous_18)
FN:356,(anonymous_19)
FN:379,(anonymous_20)
FN:405,(anonymous_21)
FN:413,(anonymous_22)
FN:428,(anonymous_23)
FNF:24
FNH:0
FNDA:0,(anonymous_0)
FNDA:0,(anonymous_1)
FNDA:0,(anonymous_2)
FNDA:0,(anonymous_3)
FNDA:0,(anonymous_4)
FNDA:0,(anonymous_5)
FNDA:0,(anonymous_6)
FNDA:0,(anonymous_7)
FNDA:0,(anonymous_8)
FNDA:0,(anonymous_9)
FNDA:0,(anonymous_10)
FNDA:0,(anonymous_11)
FNDA:0,(anonymous_12)
FNDA:0,(anonymous_13)
FNDA:0,(anonymous_14)
FNDA:0,(anonymous_15)
FNDA:0,(anonymous_16)
FNDA:0,(anonymous_17)
FNDA:0,(anonymous_18)
FNDA:0,(anonymous_19)
FNDA:0,(anonymous_20)
FNDA:0,(anonymous_21)
FNDA:0,(anonymous_22)
FNDA:0,(anonymous_23)
DA:13,3
DA:21,3
DA:28,3
DA:29,3
DA:30,3
DA:35,3
DA:36,0
DA:48,0
DA:49,0
DA:50,0
DA:51,0
DA:52,0
DA:54,0
DA:56,0
DA:57,0
DA:58,0
DA:60,0
DA:65,0
DA:66,0
DA:67,0
DA:69,0
DA:71,0
DA:72,0
DA:75,0
DA:76,0
DA:81,0
DA:83,0
DA:84,0
DA:85,0
DA:90,0
DA:91,0
DA:99,0
DA:100,0
DA:101,0
DA:105,0
DA:106,0
DA:107,0
DA:111,0
DA:112,0
DA:122,0
DA:125,0
DA:136,0
DA:137,0
DA:142,0
DA:145,0
DA:148,0
DA:154,0
DA:166,0
DA:167,0
DA:168,0
DA:169,0
DA:170,0
DA:172,0
DA:173,0
DA:174,0
DA:175,0
DA:181,0
DA:184,0
DA:185,0
DA:192,0
DA:193,0
DA:198,0
DA:199,0
DA:200,0
DA:201,0
DA:203,0
DA:207,0
DA:208,0
DA:209,0
DA:210,0
DA:212,0
DA:216,0
DA:217,0
DA:218,0
DA:219,0
DA:221,0
DA:227,0
DA:228,0
DA:230,0
DA:231,0
DA:233,0
DA:235,0
DA:246,0
DA:249,0
DA:251,0
DA:257,0
DA:258,0
DA:264,0
DA:265,0
DA:272,0
DA:273,0
DA:274,0
DA:275,0
DA:276,0
DA:277,0
DA:278,0
DA:280,0
DA:291,0
DA:292,0
DA:293,0
DA:294,0
DA:295,0
DA:298,0
DA:299,0
DA:300,0
DA:301,0
DA:304,0
DA:305,0
DA:311,0
DA:314,0
DA:322,0
DA:328,0
DA:329,0
DA:334,0
DA:335,0
DA:336,0
DA:338,0
DA:346,0
DA:347,0
DA:349,0
DA:350,0
DA:356,0
DA:357,0
DA:359,0
DA:360,0
DA:363,0
DA:364,0
DA:365,0
DA:368,0
DA:372,0
DA:373,0
DA:379,3
DA:380,0
DA:381,0
DA:383,0
DA:384,0
DA:386,0
DA:388,0
DA:389,0
DA:397,0
DA:398,0
DA:405,3
DA:406,0
DA:407,0
DA:409,0
DA:413,0
DA:428,3
DA:429,0
DA:430,0
LF:149
LH:9
BRDA:49,0,0,0
BRDA:49,0,1,0
BRDA:67,1,0,0
BRDA:67,1,1,0
BRDA:69,2,0,0
BRDA:69,2,1,0
BRDA:91,3,0,0
BRDA:91,3,1,0
BRDA:101,4,0,0
BRDA:101,5,0,0
BRDA:101,5,1,0
BRDA:105,6,0,0
BRDA:105,6,1,0
BRDA:111,7,0,0
BRDA:111,7,1,0
BRDA:126,8,0,0
BRDA:126,8,1,0
BRDA:129,9,0,0
BRDA:129,9,1,0
BRDA:166,10,0,0
BRDA:166,10,1,0
BRDA:172,11,0,0
BRDA:172,11,1,0
BRDA:172,12,0,0
BRDA:172,12,1,0
BRDA:199,13,0,0
BRDA:199,13,1,0
BRDA:200,14,0,0
BRDA:200,14,1,0
BRDA:208,15,0,0
BRDA:208,15,1,0
BRDA:209,16,0,0
BRDA:209,16,1,0
BRDA:217,17,0,0
BRDA:217,17,1,0
BRDA:218,18,0,0
BRDA:218,18,1,0
BRDA:227,19,0,0
BRDA:228,20,0,0
BRDA:228,20,1,0
BRDA:228,21,0,0
BRDA:228,21,1,0
BRDA:231,22,0,0
BRDA:231,22,1,0
BRDA:237,23,0,0
BRDA:237,23,1,0
BRDA:238,24,0,0
BRDA:238,24,1,0
BRDA:239,25,0,0
BRDA:239,25,1,0
BRDA:260,26,0,0
BRDA:260,26,1,0
BRDA:274,27,0,0
BRDA:274,27,1,0
BRDA:274,28,0,0
BRDA:274,28,1,0
BRDA:276,29,0,0
BRDA:276,29,1,0
BRDA:277,30,0,0
BRDA:277,30,1,0
BRDA:278,31,0,0
BRDA:278,31,1,0
BRDA:293,32,0,0
BRDA:293,32,1,0
BRDA:299,33,0,0
BRDA:299,33,1,0
BRDA:316,34,0,0
BRDA:316,34,1,0
BRDA:336,35,0,0
BRDA:336,35,1,0
BRDA:359,36,0,0
BRDA:359,36,1,0
BRDA:364,37,0,0
BRDA:364,37,1,0
BRDA:372,38,0,0
BRDA:372,38,1,0
BRDA:381,39,0,0
BRDA:381,39,1,0
BRDA:388,40,0,0
BRDA:388,40,1,0
BRDA:397,41,0,0
BRDA:397,41,1,0
BRDA:407,42,0,0
BRDA:407,42,1,0
BRDA:430,43,0,0
BRDA:430,43,1,0
BRF:86
BRH:0
end_of_record
TN:
SF:utils\subscriptionMonitor.js
FN:12,(anonymous_0)
FN:19,(anonymous_1)
FN:28,(anonymous_2)
FN:34,(anonymous_3)
FN:40,(anonymous_4)
FN:54,(anonymous_5)
FN:107,(anonymous_6)
FN:147,(anonymous_7)
FN:148,(anonymous_8)
FN:193,(anonymous_9)
FN:247,(anonymous_10)
FN:290,(anonymous_11)
FNF:12
FNH:1
FNDA:3,(anonymous_0)
FNDA:0,(anonymous_1)
FNDA:0,(anonymous_2)
FNDA:0,(anonymous_3)
FNDA:0,(anonymous_4)
FNDA:0,(anonymous_5)
FNDA:0,(anonymous_6)
FNDA:0,(anonymous_7)
FNDA:0,(anonymous_8)
FNDA:0,(anonymous_9)
FNDA:0,(anonymous_10)
FNDA:0,(anonymous_11)
DA:13,3
DA:20,0
DA:21,0
DA:22,0
DA:25,0
DA:28,0
DA:29,0
DA:30,0
DA:34,0
DA:35,0
DA:39,0
DA:40,0
DA:41,0
DA:42,0
DA:43,0
DA:47,0
DA:48,0
DA:55,0
DA:56,0
DA:59,0
DA:66,0
DA:67,0
DA:70,0
DA:72,0
DA:73,0
DA:75,0
DA:76,0
DA:77,0
DA:78,0
DA:83,0
DA:85,0
DA:88,0
DA:89,0
DA:91,0
DA:94,0
DA:96,0
DA:100,0
DA:108,0
DA:109,0
DA:112,0
DA:117,0
DA:118,0
DA:121,0
DA:123,0
DA:124,0
DA:126,0
DA:127,0
DA:128,0
DA:131,0
DA:132,0
DA:146,0
DA:147,0
DA:148,0
DA:150,0
DA:151,0
DA:168,0
DA:169,0
DA:170,0
DA:176,0
DA:180,0
DA:182,0
DA:186,0
DA:194,0
DA:195,0
DA:196,0
DA:197,0
DA:200,0
DA:207,0
DA:208,0
DA:209,0
DA:210,0
DA:212,0
DA:217,0
DA:222,0
DA:223,0
DA:224,0
DA:225,0
DA:226,0
DA:233,0
DA:238,0
DA:240,0
DA:248,0
DA:249,0
DA:250,0
DA:253,0
DA:254,0
DA:255,0
DA:257,0
DA:258,0
DA:263,0
DA:264,0
DA:265,0
DA:266,0
DA:267,0
DA:269,0
DA:270,0
DA:272,0
DA:273,0
DA:278,0
DA:280,0
DA:281,0
DA:287,3
DA:290,3
DA:291,0
LF:104
LH:3
BRDA:20,0,0,0
BRDA:20,0,1,0
BRDA:39,1,0,0
BRDA:39,1,1,0
BRDA:66,2,0,0
BRDA:66,2,1,0
BRDA:117,3,0,0
BRDA:117,3,1,0
BRDA:131,4,0,0
BRDA:131,4,1,0
BRDA:147,5,0,0
BRDA:147,5,1,0
BRDA:150,6,0,0
BRDA:150,6,1,0
BRDA:168,7,0,0
BRDA:168,7,1,0
BRDA:223,8,0,0
BRDA:223,8,1,0
BRDA:250,9,0,0
BRDA:250,9,1,0
BRDA:253,10,0,0
BRDA:253,10,1,0
BRDA:254,11,0,0
BRDA:254,11,1,0
BRDA:257,12,0,0
BRDA:257,12,1,0
BRDA:263,13,0,0
BRDA:263,13,1,0
BRDA:263,14,0,0
BRDA:263,14,1,0
BRDA:264,15,0,0
BRDA:264,15,1,0
BRDA:266,16,0,0
BRDA:266,16,1,0
BRDA:269,17,0,0
BRDA:269,17,1,0
BRDA:272,18,0,0
BRDA:272,18,1,0
BRDA:272,19,0,0
BRDA:272,19,1,0
BRF:40
BRH:0
end_of_record
TN:
SF:utils\supabase.js
FN:15,(anonymous_0)
FNF:1
FNH:0
FNDA:0,(anonymous_0)
DA:3,3
DA:5,3
DA:6,3
DA:9,3
DA:10,0
DA:13,3
DA:15,3
DA:16,0
DA:17,0
DA:18,0
DA:19,0
DA:21,0
DA:28,0
DA:29,0
DA:32,0
DA:36,0
DA:41,0
DA:42,0
LF:18
LH:6
BRDA:5,0,0,3
BRDA:5,0,1,0
BRDA:6,1,0,3
BRDA:6,1,1,0
BRDA:9,2,0,0
BRDA:9,2,1,3
BRDA:9,3,0,3
BRDA:9,3,1,3
BRDA:15,4,0,0
BRDA:19,5,0,0
BRDA:19,5,1,0
BRDA:28,6,0,0
BRDA:28,6,1,0
BRF:13
BRH:5
end_of_record
TN:
SF:utils\trialService.js
FN:16,(anonymous_0)
FN:73,(anonymous_1)
FN:153,(anonymous_2)
FN:182,(anonymous_3)
FN:232,(anonymous_4)
FN:301,(anonymous_5)
FN:348,(anonymous_6)
FNF:7
FNH:2
FNDA:11,(anonymous_0)
FNDA:0,(anonymous_1)
FNDA:0,(anonymous_2)
FNDA:0,(anonymous_3)
FNDA:11,(anonymous_4)
FNDA:0,(anonymous_5)
FNDA:0,(anonymous_6)
DA:9,3
DA:16,3
DA:17,11
DA:18,11
DA:20,11
DA:21,0
DA:24,11
DA:25,0
DA:28,11
DA:29,0
DA:32,11
DA:33,11
DA:34,11
DA:36,11
DA:37,11
DA:38,11
DA:39,11
DA:40,11
DA:43,11
DA:49,11
DA:52,11
DA:54,11
DA:56,11
DA:63,0
DA:64,0
DA:73,3
DA:74,0
DA:75,0
DA:77,0
DA:78,0
DA:82,0
DA:83,0
DA:91,0
DA:92,0
DA:101,0
DA:102,0
DA:109,0
DA:111,0
DA:118,0
DA:119,0
DA:120,0
DA:122,0
DA:124,0
DA:125,0
DA:134,0
DA:144,0
DA:145,0
DA:153,3
DA:154,0
DA:155,0
DA:157,0
DA:159,0
DA:160,0
DA:161,0
DA:167,0
DA:170,0
DA:172,0
DA:174,0
DA:182,3
DA:183,0
DA:185,0
DA:186,0
DA:189,0
DA:196,0
DA:197,0
DA:201,0
DA:202,0
DA:204,0
DA:211,0
DA:212,0
DA:213,0
DA:214,0
DA:215,0
DA:218,0
DA:220,0
DA:225,0
DA:232,3
DA:233,11
DA:234,11
DA:241,11
DA:285,11
DA:288,11
DA:289,11
DA:290,11
DA:292,11
DA:294,0
DA:301,3
DA:302,0
DA:303,0
DA:305,0
DA:338,0
DA:339,0
DA:341,0
DA:348,3
DA:349,0
DA:350,0
DA:389,0
DA:391,0
DA:392,0
DA:393,0
DA:395,0
DA:397,0
LF:102
LH:34
BRDA:20,0,0,0
BRDA:20,0,1,11
BRDA:24,1,0,0
BRDA:24,1,1,11
BRDA:28,2,0,0
BRDA:28,2,1,11
BRDA:77,3,0,0
BRDA:77,3,1,0
BRDA:82,4,0,0
BRDA:82,4,1,0
BRDA:91,5,0,0
BRDA:91,5,1,0
BRDA:101,6,0,0
BRDA:101,6,1,0
BRDA:101,7,0,0
BRDA:101,7,1,0
BRDA:109,8,0,0
BRDA:109,8,1,0
BRDA:109,9,0,0
BRDA:109,9,1,0
BRDA:122,10,0,0
BRDA:122,10,1,0
BRDA:157,11,0,0
BRDA:157,11,1,0
BRDA:213,12,0,0
BRDA:213,12,1,0
BRDA:271,13,0,11
BRDA:271,13,1,0
BRDA:288,14,0,11
BRDA:288,14,1,0
BRDA:324,15,0,0
BRDA:324,15,1,0
BRDA:375,16,0,0
BRDA:375,16,1,0
BRDA:391,17,0,0
BRDA:391,17,1,0
BRF:36
BRH:5
end_of_record
TN:
SF:utils\unifiedAnalyzer.js
FN:32,(anonymous_0)
FN:33,(anonymous_1)
FN:64,(anonymous_2)
FN:68,(anonymous_3)
FN:73,(anonymous_4)
FN:83,(anonymous_5)
FN:192,(anonymous_6)
FN:194,(anonymous_7)
FN:200,(anonymous_8)
FN:207,(anonymous_9)
FN:208,(anonymous_10)
FN:217,(anonymous_11)
FN:218,(anonymous_12)
FN:235,(anonymous_13)
FN:279,(anonymous_14)
FN:474,(anonymous_15)
FN:498,(anonymous_16)
FN:511,(anonymous_17)
FN:519,(anonymous_18)
FN:527,(anonymous_19)
FN:534,(anonymous_20)
FN:534,(anonymous_21)
FN:582,(anonymous_22)
FN:586,(anonymous_23)
FN:592,(anonymous_24)
FN:601,(anonymous_25)
FN:636,(anonymous_26)
FN:737,(anonymous_27)
FN:748,(anonymous_28)
FN:749,(anonymous_29)
FN:769,(anonymous_30)
FN:772,(anonymous_31)
FN:786,(anonymous_32)
FN:789,(anonymous_33)
FN:796,(anonymous_34)
FN:809,(anonymous_35)
FN:811,(anonymous_36)
FN:833,(anonymous_37)
FNF:38
FNH:0
FNDA:0,(anonymous_0)
FNDA:0,(anonymous_1)
FNDA:0,(anonymous_2)
FNDA:0,(anonymous_3)
FNDA:0,(anonymous_4)
FNDA:0,(anonymous_5)
FNDA:0,(anonymous_6)
FNDA:0,(anonymous_7)
FNDA:0,(anonymous_8)
FNDA:0,(anonymous_9)
FNDA:0,(anonymous_10)
FNDA:0,(anonymous_11)
FNDA:0,(anonymous_12)
FNDA:0,(anonymous_13)
FNDA:0,(anonymous_14)
FNDA:0,(anonymous_15)
FNDA:0,(anonymous_16)
FNDA:0,(anonymous_17)
FNDA:0,(anonymous_18)
FNDA:0,(anonymous_19)
FNDA:0,(anonymous_20)
FNDA:0,(anonymous_21)
FNDA:0,(anonymous_22)
FNDA:0,(anonymous_23)
FNDA:0,(anonymous_24)
FNDA:0,(anonymous_25)
FNDA:0,(anonymous_26)
FNDA:0,(anonymous_27)
FNDA:0,(anonymous_28)
FNDA:0,(anonymous_29)
FNDA:0,(anonymous_30)
FNDA:0,(anonymous_31)
FNDA:0,(anonymous_32)
FNDA:0,(anonymous_33)
FNDA:0,(anonymous_34)
FNDA:0,(anonymous_35)
FNDA:0,(anonymous_36)
FNDA:0,(anonymous_37)
DA:22,4
DA:23,4
DA:25,4
DA:26,4
DA:32,4
DA:33,0
DA:34,0
DA:36,0
DA:38,0
DA:39,0
DA:40,0
DA:43,0
DA:44,0
DA:45,0
DA:47,0
DA:52,0
DA:54,0
DA:61,0
DA:62,0
DA:64,0
DA:65,0
DA:68,0
DA:69,0
DA:73,0
DA:74,0
DA:75,0
DA:83,0
DA:84,0
DA:87,0
DA:88,0
DA:89,0
DA:92,0
DA:93,0
DA:94,0
DA:95,0
DA:103,0
DA:111,0
DA:121,0
DA:136,4
DA:190,4
DA:192,4
DA:194,4
DA:195,0
DA:196,0
DA:197,0
DA:200,4
DA:201,0
DA:203,0
DA:204,0
DA:205,0
DA:207,0
DA:208,0
DA:213,0
DA:214,0
DA:215,0
DA:217,0
DA:218,0
DA:222,0
DA:223,0
DA:226,0
DA:233,0
DA:234,0
DA:235,0
DA:236,0
DA:237,0
DA:242,0
DA:243,0
DA:245,0
DA:251,0
DA:266,0
DA:279,4
DA:280,0
DA:281,0
DA:283,0
DA:284,0
DA:286,0
DA:306,0
DA:312,0
DA:434,0
DA:443,0
DA:444,0
DA:446,0
DA:455,0
DA:456,0
DA:474,4
DA:475,0
DA:476,0
DA:485,0
DA:487,0
DA:488,0
DA:498,0
DA:499,0
DA:500,0
DA:505,0
DA:507,0
DA:508,0
DA:509,0
DA:511,0
DA:515,0
DA:516,0
DA:517,0
DA:519,0
DA:523,0
DA:524,0
DA:525,0
DA:527,0
DA:532,0
DA:534,0
DA:538,0
DA:539,0
DA:541,0
DA:542,0
DA:544,0
DA:545,0
DA:546,0
DA:551,0
DA:553,0
DA:558,0
DA:559,0
DA:561,0
DA:562,0
DA:563,0
DA:564,0
DA:567,0
DA:569,0
DA:571,0
DA:572,0
DA:573,0
DA:574,0
DA:575,0
DA:579,0
DA:581,0
DA:582,0
DA:585,0
DA:586,0
DA:589,0
DA:592,0
DA:594,0
DA:595,0
DA:598,0
DA:601,0
DA:603,0
DA:604,0
DA:607,0
DA:608,0
DA:611,0
DA:612,0
DA:615,0
DA:616,0
DA:619,0
DA:621,0
DA:622,0
DA:623,0
DA:624,0
DA:627,0
DA:628,0
DA:631,0
DA:632,0
DA:635,0
DA:636,0
DA:637,0
DA:638,0
DA:639,0
DA:640,0
DA:642,0
DA:643,0
DA:644,0
DA:646,0
DA:647,0
DA:649,0
DA:650,0
DA:652,0
DA:653,0
DA:655,0
DA:656,0
DA:657,0
DA:662,0
DA:664,0
DA:665,0
DA:667,0
DA:675,0
DA:676,0
DA:680,0
DA:681,0
DA:685,0
DA:686,0
DA:690,0
DA:691,0
DA:695,0
DA:696,0
DA:700,0
DA:701,0
DA:705,0
DA:706,0
DA:710,0
DA:711,0
DA:715,0
DA:716,0
DA:720,0
DA:721,0
DA:725,0
DA:726,0
DA:730,0
DA:731,0
DA:736,0
DA:737,0
DA:739,0
DA:741,0
DA:748,0
DA:749,0
DA:753,0
DA:762,0
DA:763,0
DA:764,0
DA:766,0
DA:769,4
DA:770,0
DA:771,0
DA:773,0
DA:774,0
DA:775,0
DA:776,0
DA:777,0
DA:778,0
DA:779,0
DA:781,0
DA:784,0
DA:786,0
DA:789,4
DA:790,0
DA:791,0
DA:792,0
DA:793,0
DA:796,4
DA:797,0
DA:798,0
DA:799,0
DA:809,4
DA:810,0
DA:812,0
DA:820,0
DA:826,0
DA:833,4
DA:834,0
DA:835,0
LF:245
LH:17
BRDA:38,0,0,0
BRDA:38,0,1,0
BRDA:92,1,0,0
BRDA:92,1,1,0
BRDA:92,2,0,0
BRDA:92,2,1,0
BRDA:114,3,0,0
BRDA:114,3,1,0
BRDA:213,4,0,0
BRDA:213,4,1,0
BRDA:223,5,0,0
BRDA:223,5,1,0
BRDA:235,6,0,0
BRDA:235,6,1,0
BRDA:242,7,0,0
BRDA:242,7,1,0
BRDA:243,8,0,0
BRDA:243,8,1,0
BRDA:279,9,0,0
BRDA:284,10,0,0
BRDA:284,10,1,0
BRDA:306,11,0,0
BRDA:306,11,1,0
BRDA:309,12,0,0
BRDA:309,12,1,0
BRDA:309,13,0,0
BRDA:309,13,1,0
BRDA:314,14,0,0
BRDA:314,14,1,0
BRDA:322,15,0,0
BRDA:322,15,1,0
BRDA:474,16,0,0
BRDA:479,17,0,0
BRDA:480,18,0,0
BRDA:481,19,0,0
BRDA:482,20,0,0
BRDA:483,21,0,0
BRDA:484,22,0,0
BRDA:498,23,0,0
BRDA:499,24,0,0
BRDA:499,24,1,0
BRDA:507,25,0,0
BRDA:507,25,1,0
BRDA:515,26,0,0
BRDA:515,26,1,0
BRDA:523,27,0,0
BRDA:523,27,1,0
BRDA:544,28,0,0
BRDA:544,28,1,0
BRDA:551,29,0,0
BRDA:551,29,1,0
BRDA:562,30,0,0
BRDA:562,30,1,0
BRDA:574,31,0,0
BRDA:574,31,1,0
BRDA:574,32,0,0
BRDA:574,32,1,0
BRDA:579,33,0,0
BRDA:579,33,1,0
BRDA:581,34,0,0
BRDA:581,34,1,0
BRDA:585,35,0,0
BRDA:585,35,1,0
BRDA:590,36,0,0
BRDA:590,36,1,0
BRDA:592,37,0,0
BRDA:592,37,1,0
BRDA:594,38,0,0
BRDA:594,38,1,0
BRDA:599,39,0,0
BRDA:599,39,1,0
BRDA:601,40,0,0
BRDA:601,40,1,0
BRDA:603,41,0,0
BRDA:603,41,1,0
BRDA:607,42,0,0
BRDA:607,42,1,0
BRDA:607,43,0,0
BRDA:607,43,1,0
BRDA:611,44,0,0
BRDA:611,44,1,0
BRDA:611,45,0,0
BRDA:611,45,1,0
BRDA:615,46,0,0
BRDA:615,46,1,0
BRDA:615,47,0,0
BRDA:615,47,1,0
BRDA:621,48,0,0
BRDA:621,48,1,0
BRDA:623,49,0,0
BRDA:623,49,1,0
BRDA:627,50,0,0
BRDA:627,50,1,0
BRDA:631,51,0,0
BRDA:631,51,1,0
BRDA:635,52,0,0
BRDA:635,52,1,0
BRDA:637,53,0,0
BRDA:637,53,1,0
BRDA:638,54,0,0
BRDA:638,54,1,0
BRDA:643,55,0,0
BRDA:643,55,1,0
BRDA:646,56,0,0
BRDA:646,56,1,0
BRDA:649,57,0,0
BRDA:649,57,1,0
BRDA:652,58,0,0
BRDA:652,58,1,0
BRDA:656,59,0,0
BRDA:656,59,1,0
BRDA:664,60,0,0
BRDA:664,60,1,0
BRDA:675,61,0,0
BRDA:675,61,1,0
BRDA:675,62,0,0
BRDA:675,62,1,0
BRDA:680,63,0,0
BRDA:680,63,1,0
BRDA:680,64,0,0
BRDA:680,64,1,0
BRDA:685,65,0,0
BRDA:685,65,1,0
BRDA:685,66,0,0
BRDA:685,66,1,0
BRDA:690,67,0,0
BRDA:690,67,1,0
BRDA:690,68,0,0
BRDA:690,68,1,0
BRDA:695,69,0,0
BRDA:695,69,1,0
BRDA:695,70,0,0
BRDA:695,70,1,0
BRDA:700,71,0,0
BRDA:700,71,1,0
BRDA:705,72,0,0
BRDA:705,72,1,0
BRDA:710,73,0,0
BRDA:710,73,1,0
BRDA:715,74,0,0
BRDA:715,74,1,0
BRDA:715,75,0,0
BRDA:715,75,1,0
BRDA:720,76,0,0
BRDA:720,76,1,0
BRDA:720,77,0,0
BRDA:720,77,1,0
BRDA:725,78,0,0
BRDA:725,78,1,0
BRDA:730,79,0,0
BRDA:730,79,1,0
BRDA:736,80,0,0
BRDA:736,80,1,0
BRDA:770,81,0,0
BRDA:770,81,1,0
BRDA:773,82,0,0
BRDA:773,82,1,0
BRDA:774,83,0,0
BRDA:774,83,1,0
BRDA:775,84,0,0
BRDA:775,84,1,0
BRDA:776,85,0,0
BRDA:776,85,1,0
BRDA:776,85,2,0
BRDA:776,85,3,0
BRDA:777,86,0,0
BRDA:777,86,1,0
BRDA:786,87,0,0
BRDA:786,87,1,0
BRDA:790,88,0,0
BRDA:790,88,1,0
BRDA:791,89,0,0
BRDA:791,89,1,0
BRDA:792,90,0,0
BRDA:792,90,1,0
BRDA:797,91,0,0
BRDA:797,91,1,0
BRDA:798,92,0,0
BRDA:798,92,1,0
BRDA:809,93,0,0
BRF:180
BRH:0
end_of_record
TN:
SF:utils\vectorStore.js
FN:41,(anonymous_0)
FN:65,(anonymous_1)
FN:79,(anonymous_2)
FN:89,(anonymous_3)
FN:108,(anonymous_4)
FN:119,(anonymous_5)
FN:142,(anonymous_6)
FN:156,(anonymous_7)
FN:166,(anonymous_8)
FN:185,(anonymous_9)
FN:196,(anonymous_10)
FN:220,(anonymous_11)
FN:239,(anonymous_12)
FN:251,(anonymous_13)
FN:272,(anonymous_14)
FN:277,(anonymous_15)
FN:288,(anonymous_16)
FN:309,(anonymous_17)
FN:312,(anonymous_18)
FN:325,(anonymous_19)
FN:345,(anonymous_20)
FN:355,(anonymous_21)
FN:356,(anonymous_22)
FN:365,(anonymous_23)
FN:383,(anonymous_24)
FNF:25
FNH:0
FNDA:0,(anonymous_0)
FNDA:0,(anonymous_1)
FNDA:0,(anonymous_2)
FNDA:0,(anonymous_3)
FNDA:0,(anonymous_4)
FNDA:0,(anonymous_5)
FNDA:0,(anonymous_6)
FNDA:0,(anonymous_7)
FNDA:0,(anonymous_8)
FNDA:0,(anonymous_9)
FNDA:0,(anonymous_10)
FNDA:0,(anonymous_11)
FNDA:0,(anonymous_12)
FNDA:0,(anonymous_13)
FNDA:0,(anonymous_14)
FNDA:0,(anonymous_15)
FNDA:0,(anonymous_16)
FNDA:0,(anonymous_17)
FNDA:0,(anonymous_18)
FNDA:0,(anonymous_19)
FNDA:0,(anonymous_20)
FNDA:0,(anonymous_21)
FNDA:0,(anonymous_22)
FNDA:0,(anonymous_23)
FNDA:0,(anonymous_24)
DA:20,3
DA:28,3
DA:41,3
DA:42,0
DA:43,0
DA:45,0
DA:58,0
DA:59,0
DA:65,3
DA:66,0
DA:68,0
DA:69,0
DA:70,0
DA:71,0
DA:79,0
DA:80,0
DA:82,0
DA:83,0
DA:89,3
DA:90,0
DA:91,0
DA:92,0
DA:93,0
DA:96,0
DA:97,0
DA:98,0
DA:100,0
DA:101,0
DA:108,0
DA:109,0
DA:119,3
DA:120,0
DA:121,0
DA:123,0
DA:135,0
DA:136,0
DA:142,3
DA:143,0
DA:145,0
DA:146,0
DA:147,0
DA:148,0
DA:156,0
DA:157,0
DA:159,0
DA:160,0
DA:166,3
DA:167,0
DA:168,0
DA:169,0
DA:170,0
DA:173,0
DA:174,0
DA:175,0
DA:177,0
DA:178,0
DA:185,0
DA:186,0
DA:196,3
DA:197,0
DA:198,0
DA:200,0
DA:213,0
DA:214,0
DA:220,3
DA:221,0
DA:222,0
DA:223,0
DA:224,0
DA:227,0
DA:228,0
DA:229,0
DA:231,0
DA:232,0
DA:239,0
DA:240,0
DA:251,3
DA:252,0
DA:259,0
DA:261,0
DA:262,0
DA:263,0
DA:264,0
DA:272,0
DA:273,0
DA:276,0
DA:277,0
DA:278,0
DA:281,0
DA:288,3
DA:289,0
DA:296,0
DA:298,0
DA:299,0
DA:300,0
DA:301,0
DA:309,0
DA:310,0
DA:311,0
DA:312,0
DA:315,0
DA:325,3
DA:345,3
DA:346,0
DA:347,0
DA:348,0
DA:355,3
DA:356,0
DA:357,0
DA:359,0
DA:365,3
DA:366,0
DA:367,0
DA:369,0
DA:370,0
DA:371,0
DA:372,0
DA:373,0
DA:378,0
DA:379,0
DA:383,3
LF:121
LH:17
BRDA:51,0,0,0
BRDA:51,0,1,0
BRDA:65,1,0,0
BRDA:89,2,0,0
BRDA:91,3,0,0
BRDA:91,3,1,0
BRDA:98,4,0,0
BRDA:98,4,1,0
BRDA:129,5,0,0
BRDA:129,5,1,0
BRDA:142,6,0,0
BRDA:166,7,0,0
BRDA:168,8,0,0
BRDA:168,8,1,0
BRDA:175,9,0,0
BRDA:175,9,1,0
BRDA:220,10,0,0
BRDA:222,11,0,0
BRDA:222,11,1,0
BRDA:229,12,0,0
BRDA:229,12,1,0
BRDA:263,13,0,0
BRDA:263,13,1,0
BRDA:276,14,0,0
BRDA:276,14,1,0
BRDA:300,15,0,0
BRDA:300,15,1,0
BRDA:300,16,0,0
BRDA:300,16,1,0
BRDA:310,17,0,0
BRDA:310,17,1,0
BRDA:312,18,0,0
BRDA:312,18,1,0
BRDA:346,19,0,0
BRDA:346,19,1,0
BRDA:365,20,0,0
BRDA:371,21,0,0
BRDA:371,21,1,0
BRF:38
BRH:0
end_of_record
